<?xml version="1.0" encoding="UTF-8"?>
<testsuite name="tests.WebQuizEngineTest" tests="1" skipped="0" failures="0" errors="0" timestamp="2020-05-16T01:10:55" hostname="STI_Vice" time="29.061">
  <properties/>
  <testcase name="start" classname="tests.WebQuizEngineTest" time="29.061"/>
  <system-out><![CDATA[?[1;31m
Start test 1?[0m

  .   ____          _            __ _ _
 /\\ / ___'_ __ _ _(_)_ __  __ _ \ \ \ \
( ( )\___ | '_ | '_| | '_ \/ _` | \ \ \ \
 \\/  ___)| |_)| | | | | || (_| |  ) ) ) )
  '  |____| .__|_| |_|_| |_\__, | / / / /
 =========|_|==============|___/=/_/_/_/
 :: Spring Boot ::        (v2.2.2.RELEASE)

2020-05-16 04:10:56.070  INFO 13624 --- [    Test worker] engine.WebQuizEngine                     : Starting WebQuizEngine on STI_Vice with PID 13624 (started by V_Iavorschi in D:\Projects\JAVA\Web Quiz Engine\Web Quiz Engine\task)
2020-05-16 04:10:56.075  INFO 13624 --- [    Test worker] engine.WebQuizEngine                     : No active profile set, falling back to default profiles: default
2020-05-16 04:10:57.093  INFO 13624 --- [    Test worker] .s.d.r.c.RepositoryConfigurationDelegate : Bootstrapping Spring Data JPA repositories in DEFAULT mode.
2020-05-16 04:10:57.153  INFO 13624 --- [    Test worker] .s.d.r.c.RepositoryConfigurationDelegate : Finished Spring Data repository scanning in 53ms. Found 3 JPA repository interfaces.
2020-05-16 04:10:57.585  INFO 13624 --- [    Test worker] trationDelegate$BeanPostProcessorChecker : Bean 'org.springframework.transaction.annotation.ProxyTransactionManagementConfiguration' of type [org.springframework.transaction.annotation.ProxyTransactionManagementConfiguration] is not eligible for getting processed by all BeanPostProcessors (for example: not eligible for auto-proxying)
2020-05-16 04:10:57.862  INFO 13624 --- [    Test worker] o.s.b.w.embedded.tomcat.TomcatWebServer  : Tomcat initialized with port(s): 8889 (http)
2020-05-16 04:10:57.873  INFO 13624 --- [    Test worker] o.apache.catalina.core.StandardService   : Starting service [Tomcat]
2020-05-16 04:10:57.874  INFO 13624 --- [    Test worker] org.apache.catalina.core.StandardEngine  : Starting Servlet engine: [Apache Tomcat/9.0.29]
2020-05-16 04:10:58.022  INFO 13624 --- [    Test worker] o.a.c.c.C.[Tomcat].[localhost].[/]       : Initializing Spring embedded WebApplicationContext
2020-05-16 04:10:58.023  INFO 13624 --- [    Test worker] o.s.web.context.ContextLoader            : Root WebApplicationContext: initialization completed in 1889 ms
2020-05-16 04:10:58.188  INFO 13624 --- [    Test worker] com.zaxxer.hikari.HikariDataSource       : HikariPool-1 - Starting...
2020-05-16 04:10:58.386  INFO 13624 --- [    Test worker] com.zaxxer.hikari.HikariDataSource       : HikariPool-1 - Start completed.
2020-05-16 04:10:58.395  INFO 13624 --- [    Test worker] o.s.b.a.h2.H2ConsoleAutoConfiguration    : H2 console available at '/h2-console'. Database available at 'jdbc:h2:file:../quizdb'
2020-05-16 04:10:58.688  INFO 13624 --- [    Test worker] o.hibernate.jpa.internal.util.LogHelper  : HHH000204: Processing PersistenceUnitInfo [name: default]
2020-05-16 04:10:58.768  INFO 13624 --- [    Test worker] org.hibernate.Version                    : HHH000412: Hibernate Core {5.4.9.Final}
2020-05-16 04:10:58.928  INFO 13624 --- [    Test worker] o.hibernate.annotations.common.Version   : HCANN000001: Hibernate Commons Annotations {5.1.0.Final}
2020-05-16 04:10:59.061  INFO 13624 --- [    Test worker] org.hibernate.dialect.Dialect            : HHH000400: Using dialect: org.hibernate.dialect.H2Dialect
Hibernate: create table completion (id bigint not null, completed_at timestamp, question_id bigint, user_id bigint, primary key (id))
Hibernate: create table question (id bigint not null, text varchar(255), title varchar(255), user_id bigint, primary key (id))
Hibernate: create table question_answer (question_id bigint not null, answer integer)
Hibernate: create table question_options (question_id bigint not null, options varchar(255))
Hibernate: create table user (id bigint not null, active boolean not null, email varchar(255), password varchar(255) not null, primary key (id))
Hibernate: create sequence hibernate_sequence start with 1 increment by 1
Hibernate: alter table question add constraint FK4ekrlbqiybwk8abhgclfjwnmc foreign key (user_id) references user
Hibernate: alter table question_answer add constraint FKflwcda2rengsndju5f1deywok foreign key (question_id) references question
Hibernate: alter table question_options add constraint FKjk4v42xhyfv4ca1yyhorsg5tv foreign key (question_id) references question
2020-05-16 04:10:59.970  INFO 13624 --- [    Test worker] o.h.e.t.j.p.i.JtaPlatformInitiator       : HHH000490: Using JtaPlatform implementation: [org.hibernate.engine.transaction.jta.platform.internal.NoJtaPlatform]
2020-05-16 04:10:59.976  INFO 13624 --- [    Test worker] j.LocalContainerEntityManagerFactoryBean : Initialized JPA EntityManagerFactory for persistence unit 'default'
2020-05-16 04:11:00.558  WARN 13624 --- [    Test worker] JpaBaseConfiguration$JpaWebConfiguration : spring.jpa.open-in-view is enabled by default. Therefore, database queries may be performed during view rendering. Explicitly configure spring.jpa.open-in-view to disable this warning
2020-05-16 04:11:00.759  INFO 13624 --- [    Test worker] o.s.s.web.DefaultSecurityFilterChain     : Creating filter chain: any request, [org.springframework.security.web.context.request.async.WebAsyncManagerIntegrationFilter@399bc196, org.springframework.security.web.context.SecurityContextPersistenceFilter@4b45dfd5, org.springframework.security.web.header.HeaderWriterFilter@318f7a60, org.springframework.security.web.authentication.logout.LogoutFilter@63e92469, org.springframework.security.web.authentication.www.BasicAuthenticationFilter@774582f0, org.springframework.security.web.savedrequest.RequestCacheAwareFilter@6fa45cd8, org.springframework.security.web.servletapi.SecurityContextHolderAwareRequestFilter@64a00579, org.springframework.security.web.authentication.AnonymousAuthenticationFilter@63dcbfa4, org.springframework.security.web.session.SessionManagementFilter@625f066c, org.springframework.security.web.access.ExceptionTranslationFilter@e41d3a7, org.springframework.security.web.access.intercept.FilterSecurityInterceptor@43531d87]
2020-05-16 04:11:00.920  INFO 13624 --- [    Test worker] o.s.s.concurrent.ThreadPoolTaskExecutor  : Initializing ExecutorService 'applicationTaskExecutor'
2020-05-16 04:11:01.227  INFO 13624 --- [    Test worker] o.s.b.a.e.web.EndpointLinksResolver      : Exposing 14 endpoint(s) beneath base path '/actuator'
2020-05-16 04:11:01.304  INFO 13624 --- [    Test worker] o.s.b.w.embedded.tomcat.TomcatWebServer  : Tomcat started on port(s): 8889 (http) with context path ''
2020-05-16 04:11:01.308  INFO 13624 --- [    Test worker] engine.WebQuizEngine                     : Started WebQuizEngine in 5.622 seconds (JVM running for 6.439)
2020-05-16 04:11:01.655  INFO 13624 --- [nio-8889-exec-1] o.a.c.c.C.[Tomcat].[localhost].[/]       : Initializing Spring DispatcherServlet 'dispatcherServlet'
2020-05-16 04:11:01.656  INFO 13624 --- [nio-8889-exec-1] o.s.web.servlet.DispatcherServlet        : Initializing Servlet 'dispatcherServlet'
2020-05-16 04:11:01.668  INFO 13624 --- [nio-8889-exec-1] o.s.web.servlet.DispatcherServlet        : Completed initialization in 10 ms
Hibernate: select user0_.id as id1_4_, user0_.active as active2_4_, user0_.email as email3_4_, user0_.password as password4_4_ from user user0_ where user0_.email=?
Hibernate: call next value for hibernate_sequence
Hibernate: insert into user (active, email, password, id) values (?, ?, ?, ?)
?[1;31m
Start test 2?[0m
Hibernate: select user0_.id as id1_4_, user0_.active as active2_4_, user0_.email as email3_4_, user0_.password as password4_4_ from user user0_ where user0_.email=?
Hibernate: call next value for hibernate_sequence
Hibernate: insert into user (active, email, password, id) values (?, ?, ?, ?)
?[1;31m
Start test 3?[0m
2020-05-16 04:11:02.126  WARN 13624 --- [nio-8889-exec-4] .w.s.m.s.DefaultHandlerExceptionResolver : Resolved [org.springframework.web.bind.MethodArgumentNotValidException: Validation failed for argument [0] in public org.springframework.http.ResponseEntity<?> engine.Quiz.registerUser(engine.User): [Field error in object 'user' on field 'email': rejected value [google.com]; codes [Pattern.user.email,Pattern.email,Pattern.java.lang.String,Pattern]; arguments [org.springframework.context.support.DefaultMessageSourceResolvable: codes [user.email,email]; arguments []; default message [email],[Ljavax.validation.constraints.Pattern$Flag;@37d70fd0,^.+@.+?\..+$]; default message [must match "^.+@.+?\..+$"]] ]
?[1;31m
Start test 4?[0m
2020-05-16 04:11:02.173  WARN 13624 --- [nio-8889-exec-5] .w.s.m.s.DefaultHandlerExceptionResolver : Resolved [org.springframework.web.bind.MethodArgumentNotValidException: Validation failed for argument [0] in public org.springframework.http.ResponseEntity<?> engine.Quiz.registerUser(engine.User): [Field error in object 'user' on field 'email': rejected value [well@googlecom]; codes [Pattern.user.email,Pattern.email,Pattern.java.lang.String,Pattern]; arguments [org.springframework.context.support.DefaultMessageSourceResolvable: codes [user.email,email]; arguments []; default message [email],[Ljavax.validation.constraints.Pattern$Flag;@37d70fd0,^.+@.+?\..+$]; default message [must match "^.+@.+?\..+$"]] ]
?[1;31m
Start test 5?[0m
Hibernate: select user0_.id as id1_4_, user0_.active as active2_4_, user0_.email as email3_4_, user0_.password as password4_4_ from user user0_ where user0_.email=?
?[1;31m
Start test 6?[0m
2020-05-16 04:11:02.206  WARN 13624 --- [nio-8889-exec-7] .w.s.m.s.DefaultHandlerExceptionResolver : Resolved [org.springframework.web.bind.MethodArgumentNotValidException: Validation failed for argument [0] in public org.springframework.http.ResponseEntity<?> engine.Quiz.registerUser(engine.User): [Field error in object 'user' on field 'password': rejected value [1234]; codes [Length.user.password,Length.password,Length.java.lang.String,Length]; arguments [org.springframework.context.support.DefaultMessageSourceResolvable: codes [user.password,password]; arguments []; default message [password],2147483647,5]; default message [length must be between 5 and 2147483647]] ]
?[1;31m
Start test 7?[0m
2020-05-16 04:11:02.222  WARN 13624 --- [nio-8889-exec-8] .w.s.m.s.DefaultHandlerExceptionResolver : Resolved [org.springframework.web.bind.MethodArgumentNotValidException: Validation failed for argument [0] in public org.springframework.http.ResponseEntity<?> engine.Quiz.registerUser(engine.User): [Field error in object 'user' on field 'password': rejected value [123]; codes [Length.user.password,Length.password,Length.java.lang.String,Length]; arguments [org.springframework.context.support.DefaultMessageSourceResolvable: codes [user.password,password]; arguments []; default message [password],2147483647,5]; default message [length must be between 5 and 2147483647]] ]
?[1;31m
Start test 8?[0m
Hibernate: select user0_.id as id1_4_, user0_.active as active2_4_, user0_.email as email3_4_, user0_.password as password4_4_ from user user0_ where user0_.email=?
Hibernate: select question0_.id as id1_1_, question0_.text as text2_1_, question0_.title as title3_1_, question0_.user_id as user_id4_1_ from question question0_ order by question0_.id asc limit ?
?[1;31m
Start test 9?[0m
Hibernate: select user0_.id as id1_4_, user0_.active as active2_4_, user0_.email as email3_4_, user0_.password as password4_4_ from user user0_ where user0_.email=?
Hibernate: select question0_.id as id1_1_, question0_.text as text2_1_, question0_.title as title3_1_, question0_.user_id as user_id4_1_ from question question0_ order by question0_.id asc limit ?
?[1;31m
Start test 10?[0m
Hibernate: select user0_.id as id1_4_, user0_.active as active2_4_, user0_.email as email3_4_, user0_.password as password4_4_ from user user0_ where user0_.email=?
Hibernate: call next value for hibernate_sequence
Hibernate: insert into question (text, title, user_id, id) values (?, ?, ?, ?)
Hibernate: insert into question_answer (question_id, answer) values (?, ?)
Hibernate: insert into question_options (question_id, options) values (?, ?)
Hibernate: insert into question_options (question_id, options) values (?, ?)
Hibernate: insert into question_options (question_id, options) values (?, ?)
Hibernate: insert into question_options (question_id, options) values (?, ?)
?[1;31m
Start test 11?[0m
Hibernate: select user0_.id as id1_4_, user0_.active as active2_4_, user0_.email as email3_4_, user0_.password as password4_4_ from user user0_ where user0_.email=?
Hibernate: select question0_.id as id1_1_0_, question0_.text as text2_1_0_, question0_.title as title3_1_0_, question0_.user_id as user_id4_1_0_, user1_.id as id1_4_1_, user1_.active as active2_4_1_, user1_.email as email3_4_1_, user1_.password as password4_4_1_ from question question0_ left outer join user user1_ on question0_.user_id=user1_.id where question0_.id=?
Hibernate: select options0_.question_id as question1_3_0_, options0_.options as options2_3_0_ from question_options options0_ where options0_.question_id=?
?[1;31m
Start test 12?[0m
Hibernate: select user0_.id as id1_4_, user0_.active as active2_4_, user0_.email as email3_4_, user0_.password as password4_4_ from user user0_ where user0_.email=?
Hibernate: select question0_.id as id1_1_0_, question0_.text as text2_1_0_, question0_.title as title3_1_0_, question0_.user_id as user_id4_1_0_, user1_.id as id1_4_1_, user1_.active as active2_4_1_, user1_.email as email3_4_1_, user1_.password as password4_4_1_ from question question0_ left outer join user user1_ on question0_.user_id=user1_.id where question0_.id=?
?[1;31m
Start test 13?[0m
Hibernate: select user0_.id as id1_4_, user0_.active as active2_4_, user0_.email as email3_4_, user0_.password as password4_4_ from user user0_ where user0_.email=?
Hibernate: select question0_.id as id1_1_, question0_.text as text2_1_, question0_.title as title3_1_, question0_.user_id as user_id4_1_ from question question0_ order by question0_.id asc limit ?
Hibernate: select user0_.id as id1_4_0_, user0_.active as active2_4_0_, user0_.email as email3_4_0_, user0_.password as password4_4_0_ from user user0_ where user0_.id=?
Hibernate: select options0_.question_id as question1_3_0_, options0_.options as options2_3_0_ from question_options options0_ where options0_.question_id=?
?[1;31m
Start test 14?[0m
Hibernate: select user0_.id as id1_4_, user0_.active as active2_4_, user0_.email as email3_4_, user0_.password as password4_4_ from user user0_ where user0_.email=?
Hibernate: call next value for hibernate_sequence
Hibernate: insert into question (text, title, user_id, id) values (?, ?, ?, ?)
Hibernate: insert into question_answer (question_id, answer) values (?, ?)
Hibernate: insert into question_options (question_id, options) values (?, ?)
Hibernate: insert into question_options (question_id, options) values (?, ?)
Hibernate: insert into question_options (question_id, options) values (?, ?)
Hibernate: insert into question_options (question_id, options) values (?, ?)
?[1;31m
Start test 15?[0m
Hibernate: select user0_.id as id1_4_, user0_.active as active2_4_, user0_.email as email3_4_, user0_.password as password4_4_ from user user0_ where user0_.email=?
Hibernate: select question0_.id as id1_1_0_, question0_.text as text2_1_0_, question0_.title as title3_1_0_, question0_.user_id as user_id4_1_0_, user1_.id as id1_4_1_, user1_.active as active2_4_1_, user1_.email as email3_4_1_, user1_.password as password4_4_1_ from question question0_ left outer join user user1_ on question0_.user_id=user1_.id where question0_.id=?
Hibernate: select options0_.question_id as question1_3_0_, options0_.options as options2_3_0_ from question_options options0_ where options0_.question_id=?
?[1;31m
Start test 16?[0m
Hibernate: select user0_.id as id1_4_, user0_.active as active2_4_, user0_.email as email3_4_, user0_.password as password4_4_ from user user0_ where user0_.email=?
Hibernate: select question0_.id as id1_1_0_, question0_.text as text2_1_0_, question0_.title as title3_1_0_, question0_.user_id as user_id4_1_0_, user1_.id as id1_4_1_, user1_.active as active2_4_1_, user1_.email as email3_4_1_, user1_.password as password4_4_1_ from question question0_ left outer join user user1_ on question0_.user_id=user1_.id where question0_.id=?
?[1;31m
Start test 17?[0m
Hibernate: select user0_.id as id1_4_, user0_.active as active2_4_, user0_.email as email3_4_, user0_.password as password4_4_ from user user0_ where user0_.email=?
Hibernate: select question0_.id as id1_1_, question0_.text as text2_1_, question0_.title as title3_1_, question0_.user_id as user_id4_1_ from question question0_ order by question0_.id asc limit ?
Hibernate: select user0_.id as id1_4_0_, user0_.active as active2_4_0_, user0_.email as email3_4_0_, user0_.password as password4_4_0_ from user user0_ where user0_.id=?
Hibernate: select user0_.id as id1_4_0_, user0_.active as active2_4_0_, user0_.email as email3_4_0_, user0_.password as password4_4_0_ from user user0_ where user0_.id=?
Hibernate: select options0_.question_id as question1_3_0_, options0_.options as options2_3_0_ from question_options options0_ where options0_.question_id=?
Hibernate: select options0_.question_id as question1_3_0_, options0_.options as options2_3_0_ from question_options options0_ where options0_.question_id=?
?[1;31m
Start test 18?[0m
?[1;31m
Start test 19?[0m
?[1;31m
Start test 20?[0m
?[1;31m
Start test 21?[0m
?[1;31m
Start test 22?[0m
?[1;31m
Start test 23?[0m
?[1;31m
Start test 24?[0m
?[1;31m
Start test 25?[0m
?[1;31m
Start test 26?[0m
Hibernate: select user0_.id as id1_4_, user0_.active as active2_4_, user0_.email as email3_4_, user0_.password as password4_4_ from user user0_ where user0_.email=?
?[1;31m
Start test 27?[0m
Hibernate: select user0_.id as id1_4_, user0_.active as active2_4_, user0_.email as email3_4_, user0_.password as password4_4_ from user user0_ where user0_.email=?
?[1;31m
Start test 28?[0m
Hibernate: select user0_.id as id1_4_, user0_.active as active2_4_, user0_.email as email3_4_, user0_.password as password4_4_ from user user0_ where user0_.email=?
?[1;31m
Start test 29?[0m
Hibernate: select user0_.id as id1_4_, user0_.active as active2_4_, user0_.email as email3_4_, user0_.password as password4_4_ from user user0_ where user0_.email=?
?[1;31m
Start test 30?[0m
Hibernate: select user0_.id as id1_4_, user0_.active as active2_4_, user0_.email as email3_4_, user0_.password as password4_4_ from user user0_ where user0_.email=?
?[1;31m
Start test 31?[0m
Hibernate: select user0_.id as id1_4_, user0_.active as active2_4_, user0_.email as email3_4_, user0_.password as password4_4_ from user user0_ where user0_.email=?
?[1;31m
Start test 32?[0m
Hibernate: select user0_.id as id1_4_, user0_.active as active2_4_, user0_.email as email3_4_, user0_.password as password4_4_ from user user0_ where user0_.email=?
?[1;31m
Start test 33?[0m
Hibernate: select user0_.id as id1_4_, user0_.active as active2_4_, user0_.email as email3_4_, user0_.password as password4_4_ from user user0_ where user0_.email=?
?[1;31m
Start test 34?[0m
Hibernate: select user0_.id as id1_4_, user0_.active as active2_4_, user0_.email as email3_4_, user0_.password as password4_4_ from user user0_ where user0_.email=?
Hibernate: select question0_.id as id1_1_0_, question0_.text as text2_1_0_, question0_.title as title3_1_0_, question0_.user_id as user_id4_1_0_, user1_.id as id1_4_1_, user1_.active as active2_4_1_, user1_.email as email3_4_1_, user1_.password as password4_4_1_ from question question0_ left outer join user user1_ on question0_.user_id=user1_.id where question0_.id=?
Hibernate: select answer0_.question_id as question1_2_0_, answer0_.answer as answer2_2_0_ from question_answer answer0_ where answer0_.question_id=?
?[1;31m
Start test 35?[0m
Hibernate: select user0_.id as id1_4_, user0_.active as active2_4_, user0_.email as email3_4_, user0_.password as password4_4_ from user user0_ where user0_.email=?
Hibernate: select question0_.id as id1_1_0_, question0_.text as text2_1_0_, question0_.title as title3_1_0_, question0_.user_id as user_id4_1_0_, user1_.id as id1_4_1_, user1_.active as active2_4_1_, user1_.email as email3_4_1_, user1_.password as password4_4_1_ from question question0_ left outer join user user1_ on question0_.user_id=user1_.id where question0_.id=?
Hibernate: select answer0_.question_id as question1_2_0_, answer0_.answer as answer2_2_0_ from question_answer answer0_ where answer0_.question_id=?
?[1;31m
Start test 36?[0m
Hibernate: select user0_.id as id1_4_, user0_.active as active2_4_, user0_.email as email3_4_, user0_.password as password4_4_ from user user0_ where user0_.email=?
Hibernate: select question0_.id as id1_1_0_, question0_.text as text2_1_0_, question0_.title as title3_1_0_, question0_.user_id as user_id4_1_0_, user1_.id as id1_4_1_, user1_.active as active2_4_1_, user1_.email as email3_4_1_, user1_.password as password4_4_1_ from question question0_ left outer join user user1_ on question0_.user_id=user1_.id where question0_.id=?
Hibernate: select answer0_.question_id as question1_2_0_, answer0_.answer as answer2_2_0_ from question_answer answer0_ where answer0_.question_id=?
Hibernate: call next value for hibernate_sequence
Hibernate: insert into completion (completed_at, question_id, user_id, id) values (?, ?, ?, ?)
?[1;31m
Start test 37?[0m
Hibernate: select user0_.id as id1_4_, user0_.active as active2_4_, user0_.email as email3_4_, user0_.password as password4_4_ from user user0_ where user0_.email=?
Hibernate: select question0_.id as id1_1_0_, question0_.text as text2_1_0_, question0_.title as title3_1_0_, question0_.user_id as user_id4_1_0_, user1_.id as id1_4_1_, user1_.active as active2_4_1_, user1_.email as email3_4_1_, user1_.password as password4_4_1_ from question question0_ left outer join user user1_ on question0_.user_id=user1_.id where question0_.id=?
Hibernate: select answer0_.question_id as question1_2_0_, answer0_.answer as answer2_2_0_ from question_answer answer0_ where answer0_.question_id=?
?[1;31m
Start test 38?[0m
Hibernate: select user0_.id as id1_4_, user0_.active as active2_4_, user0_.email as email3_4_, user0_.password as password4_4_ from user user0_ where user0_.email=?
Hibernate: select question0_.id as id1_1_0_, question0_.text as text2_1_0_, question0_.title as title3_1_0_, question0_.user_id as user_id4_1_0_, user1_.id as id1_4_1_, user1_.active as active2_4_1_, user1_.email as email3_4_1_, user1_.password as password4_4_1_ from question question0_ left outer join user user1_ on question0_.user_id=user1_.id where question0_.id=?
Hibernate: select answer0_.question_id as question1_2_0_, answer0_.answer as answer2_2_0_ from question_answer answer0_ where answer0_.question_id=?
?[1;31m
Start test 39?[0m
Hibernate: select user0_.id as id1_4_, user0_.active as active2_4_, user0_.email as email3_4_, user0_.password as password4_4_ from user user0_ where user0_.email=?
Hibernate: select question0_.id as id1_1_0_, question0_.text as text2_1_0_, question0_.title as title3_1_0_, question0_.user_id as user_id4_1_0_, user1_.id as id1_4_1_, user1_.active as active2_4_1_, user1_.email as email3_4_1_, user1_.password as password4_4_1_ from question question0_ left outer join user user1_ on question0_.user_id=user1_.id where question0_.id=?
Hibernate: select answer0_.question_id as question1_2_0_, answer0_.answer as answer2_2_0_ from question_answer answer0_ where answer0_.question_id=?
Hibernate: call next value for hibernate_sequence
Hibernate: insert into completion (completed_at, question_id, user_id, id) values (?, ?, ?, ?)
?[1;31m
Start test 40?[0m
Hibernate: select user0_.id as id1_4_, user0_.active as active2_4_, user0_.email as email3_4_, user0_.password as password4_4_ from user user0_ where user0_.email=?
Hibernate: select question0_.id as id1_1_0_, question0_.text as text2_1_0_, question0_.title as title3_1_0_, question0_.user_id as user_id4_1_0_, user1_.id as id1_4_1_, user1_.active as active2_4_1_, user1_.email as email3_4_1_, user1_.password as password4_4_1_ from question question0_ left outer join user user1_ on question0_.user_id=user1_.id where question0_.id=?
Hibernate: select answer0_.question_id as question1_2_0_, answer0_.answer as answer2_2_0_ from question_answer answer0_ where answer0_.question_id=?
?[1;31m
Start test 41?[0m
Hibernate: select user0_.id as id1_4_, user0_.active as active2_4_, user0_.email as email3_4_, user0_.password as password4_4_ from user user0_ where user0_.email=?
Hibernate: select question0_.id as id1_1_0_, question0_.text as text2_1_0_, question0_.title as title3_1_0_, question0_.user_id as user_id4_1_0_, user1_.id as id1_4_1_, user1_.active as active2_4_1_, user1_.email as email3_4_1_, user1_.password as password4_4_1_ from question question0_ left outer join user user1_ on question0_.user_id=user1_.id where question0_.id=?
Hibernate: select answer0_.question_id as question1_2_0_, answer0_.answer as answer2_2_0_ from question_answer answer0_ where answer0_.question_id=?
?[1;31m
Start test 42?[0m
Hibernate: select user0_.id as id1_4_, user0_.active as active2_4_, user0_.email as email3_4_, user0_.password as password4_4_ from user user0_ where user0_.email=?
Hibernate: select completion0_.id as id1_0_, completion0_.completed_at as complete2_0_, completion0_.question_id as question3_0_, completion0_.user_id as user_id4_0_ from completion completion0_ where completion0_.user_id=? order by completion0_.completed_at DESC limit ?
?[1;31m
Start test 43?[0m
Hibernate: select user0_.id as id1_4_, user0_.active as active2_4_, user0_.email as email3_4_, user0_.password as password4_4_ from user user0_ where user0_.email=?
Hibernate: select completion0_.id as id1_0_, completion0_.completed_at as complete2_0_, completion0_.question_id as question3_0_, completion0_.user_id as user_id4_0_ from completion completion0_ where completion0_.user_id=? order by completion0_.completed_at DESC limit ?
?[1;31m
Start test 44?[0m
Hibernate: select user0_.id as id1_4_, user0_.active as active2_4_, user0_.email as email3_4_, user0_.password as password4_4_ from user user0_ where user0_.email=?
Hibernate: select question0_.id as id1_1_, question0_.text as text2_1_, question0_.title as title3_1_, question0_.user_id as user_id4_1_ from question question0_ order by question0_.id asc limit ?
Hibernate: select user0_.id as id1_4_0_, user0_.active as active2_4_0_, user0_.email as email3_4_0_, user0_.password as password4_4_0_ from user user0_ where user0_.id=?
Hibernate: select user0_.id as id1_4_0_, user0_.active as active2_4_0_, user0_.email as email3_4_0_, user0_.password as password4_4_0_ from user user0_ where user0_.id=?
Hibernate: select options0_.question_id as question1_3_0_, options0_.options as options2_3_0_ from question_options options0_ where options0_.question_id=?
Hibernate: select options0_.question_id as question1_3_0_, options0_.options as options2_3_0_ from question_options options0_ where options0_.question_id=?
?[1;31m
Start test 45?[0m
Hibernate: select user0_.id as id1_4_, user0_.active as active2_4_, user0_.email as email3_4_, user0_.password as password4_4_ from user user0_ where user0_.email=?
Hibernate: select question0_.id as id1_1_, question0_.text as text2_1_, question0_.title as title3_1_, question0_.user_id as user_id4_1_ from question question0_ order by question0_.id asc limit ?
Hibernate: select user0_.id as id1_4_0_, user0_.active as active2_4_0_, user0_.email as email3_4_0_, user0_.password as password4_4_0_ from user user0_ where user0_.id=?
Hibernate: select user0_.id as id1_4_0_, user0_.active as active2_4_0_, user0_.email as email3_4_0_, user0_.password as password4_4_0_ from user user0_ where user0_.id=?
Hibernate: select options0_.question_id as question1_3_0_, options0_.options as options2_3_0_ from question_options options0_ where options0_.question_id=?
Hibernate: select options0_.question_id as question1_3_0_, options0_.options as options2_3_0_ from question_options options0_ where options0_.question_id=?
?[1;31m
Start test 46?[0m
2020-05-16 04:11:04.914  INFO 13624 --- [       Thread-6] o.s.s.concurrent.ThreadPoolTaskExecutor  : Shutting down ExecutorService 'applicationTaskExecutor'
2020-05-16 04:11:04.917  INFO 13624 --- [       Thread-6] j.LocalContainerEntityManagerFactoryBean : Closing JPA EntityManagerFactory for persistence unit 'default'
2020-05-16 04:11:04.922  INFO 13624 --- [       Thread-6] com.zaxxer.hikari.HikariDataSource       : HikariPool-1 - Shutdown initiated...
2020-05-16 04:11:05.088  INFO 13624 --- [       Thread-6] com.zaxxer.hikari.HikariDataSource       : HikariPool-1 - Shutdown completed.

  .   ____          _            __ _ _
 /\\ / ___'_ __ _ _(_)_ __  __ _ \ \ \ \
( ( )\___ | '_ | '_| | '_ \/ _` | \ \ \ \
 \\/  ___)| |_)| | | | | || (_| |  ) ) ) )
  '  |____| .__|_| |_|_| |_\__, | / / / /
 =========|_|==============|___/=/_/_/_/
 :: Spring Boot ::        (v2.2.2.RELEASE)

2020-05-16 04:11:05.134  INFO 13624 --- [    Test worker] engine.WebQuizEngine                     : Starting WebQuizEngine on STI_Vice with PID 13624 (started by V_Iavorschi in D:\Projects\JAVA\Web Quiz Engine\Web Quiz Engine\task)
2020-05-16 04:11:05.134  INFO 13624 --- [    Test worker] engine.WebQuizEngine                     : No active profile set, falling back to default profiles: default
2020-05-16 04:11:05.143  INFO 13624 --- [       Thread-6] o.apache.catalina.core.StandardService   : Stopping service [Tomcat]
2020-05-16 04:11:05.148  INFO 13624 --- [       Thread-6] o.a.c.c.C.[Tomcat].[localhost].[/]       : Destroying Spring FrameworkServlet 'dispatcherServlet'
2020-05-16 04:11:05.426  INFO 13624 --- [    Test worker] .s.d.r.c.RepositoryConfigurationDelegate : Bootstrapping Spring Data JPA repositories in DEFAULT mode.
2020-05-16 04:11:05.437  INFO 13624 --- [    Test worker] .s.d.r.c.RepositoryConfigurationDelegate : Finished Spring Data repository scanning in 10ms. Found 3 JPA repository interfaces.
2020-05-16 04:11:05.493  INFO 13624 --- [    Test worker] trationDelegate$BeanPostProcessorChecker : Bean 'org.springframework.transaction.annotation.ProxyTransactionManagementConfiguration' of type [org.springframework.transaction.annotation.ProxyTransactionManagementConfiguration] is not eligible for getting processed by all BeanPostProcessors (for example: not eligible for auto-proxying)
2020-05-16 04:11:05.525  WARN 13624 --- [    Test worker] org.apache.tomcat.util.modeler.Registry  : The MBean registry cannot be disabled because it has already been initialised
2020-05-16 04:11:05.534  INFO 13624 --- [    Test worker] o.s.b.w.embedded.tomcat.TomcatWebServer  : Tomcat initialized with port(s): 8889 (http)
2020-05-16 04:11:05.535  INFO 13624 --- [    Test worker] o.apache.catalina.core.StandardService   : Starting service [Tomcat]
2020-05-16 04:11:05.535  INFO 13624 --- [    Test worker] org.apache.catalina.core.StandardEngine  : Starting Servlet engine: [Apache Tomcat/9.0.29]
2020-05-16 04:11:05.569  INFO 13624 --- [    Test worker] o.a.c.c.C.[Tomcat].[localhost].[/]       : Initializing Spring embedded WebApplicationContext
2020-05-16 04:11:05.569  INFO 13624 --- [    Test worker] o.s.web.context.ContextLoader            : Root WebApplicationContext: initialization completed in 432 ms
2020-05-16 04:11:05.613  INFO 13624 --- [    Test worker] com.zaxxer.hikari.HikariDataSource       : HikariPool-2 - Starting...
2020-05-16 04:11:05.625  INFO 13624 --- [    Test worker] com.zaxxer.hikari.HikariDataSource       : HikariPool-2 - Start completed.
2020-05-16 04:11:05.626  INFO 13624 --- [    Test worker] o.s.b.a.h2.H2ConsoleAutoConfiguration    : H2 console available at '/h2-console'. Database available at 'jdbc:h2:file:../quizdb'
2020-05-16 04:11:05.718  INFO 13624 --- [    Test worker] o.hibernate.jpa.internal.util.LogHelper  : HHH000204: Processing PersistenceUnitInfo [name: default]
2020-05-16 04:11:05.723  INFO 13624 --- [    Test worker] org.hibernate.dialect.Dialect            : HHH000400: Using dialect: org.hibernate.dialect.H2Dialect
2020-05-16 04:11:05.821  INFO 13624 --- [    Test worker] o.h.e.t.j.p.i.JtaPlatformInitiator       : HHH000490: Using JtaPlatform implementation: [org.hibernate.engine.transaction.jta.platform.internal.NoJtaPlatform]
2020-05-16 04:11:05.822  INFO 13624 --- [    Test worker] j.LocalContainerEntityManagerFactoryBean : Initialized JPA EntityManagerFactory for persistence unit 'default'
2020-05-16 04:11:05.915  WARN 13624 --- [    Test worker] JpaBaseConfiguration$JpaWebConfiguration : spring.jpa.open-in-view is enabled by default. Therefore, database queries may be performed during view rendering. Explicitly configure spring.jpa.open-in-view to disable this warning
2020-05-16 04:11:05.944  INFO 13624 --- [    Test worker] o.s.s.web.DefaultSecurityFilterChain     : Creating filter chain: any request, [org.springframework.security.web.context.request.async.WebAsyncManagerIntegrationFilter@44f51810, org.springframework.security.web.context.SecurityContextPersistenceFilter@784f99d, org.springframework.security.web.header.HeaderWriterFilter@7c75500c, org.springframework.security.web.authentication.logout.LogoutFilter@5f07b109, org.springframework.security.web.authentication.www.BasicAuthenticationFilter@4d83dc15, org.springframework.security.web.savedrequest.RequestCacheAwareFilter@53c2f022, org.springframework.security.web.servletapi.SecurityContextHolderAwareRequestFilter@5e12f66, org.springframework.security.web.authentication.AnonymousAuthenticationFilter@4268d78a, org.springframework.security.web.session.SessionManagementFilter@58945c1e, org.springframework.security.web.access.ExceptionTranslationFilter@354c3bd4, org.springframework.security.web.access.intercept.FilterSecurityInterceptor@4d31e1ba]
2020-05-16 04:11:05.995  INFO 13624 --- [    Test worker] o.s.s.concurrent.ThreadPoolTaskExecutor  : Initializing ExecutorService 'applicationTaskExecutor'
2020-05-16 04:11:06.098  INFO 13624 --- [    Test worker] o.s.b.a.e.web.EndpointLinksResolver      : Exposing 14 endpoint(s) beneath base path '/actuator'
2020-05-16 04:11:06.125  INFO 13624 --- [    Test worker] o.s.b.w.embedded.tomcat.TomcatWebServer  : Tomcat started on port(s): 8889 (http) with context path ''
2020-05-16 04:11:06.125  INFO 13624 --- [    Test worker] engine.WebQuizEngine                     : Started WebQuizEngine in 1.011 seconds (JVM running for 11.257)
?[1;31m
Start test 47?[0m
2020-05-16 04:11:06.133  INFO 13624 --- [nio-8889-exec-1] o.a.c.c.C.[Tomcat].[localhost].[/]       : Initializing Spring DispatcherServlet 'dispatcherServlet'
2020-05-16 04:11:06.134  INFO 13624 --- [nio-8889-exec-1] o.s.web.servlet.DispatcherServlet        : Initializing Servlet 'dispatcherServlet'
2020-05-16 04:11:06.137  INFO 13624 --- [nio-8889-exec-1] o.s.web.servlet.DispatcherServlet        : Completed initialization in 3 ms
Hibernate: select user0_.id as id1_4_, user0_.active as active2_4_, user0_.email as email3_4_, user0_.password as password4_4_ from user user0_ where user0_.email=?
Hibernate: select question0_.id as id1_1_, question0_.text as text2_1_, question0_.title as title3_1_, question0_.user_id as user_id4_1_ from question question0_ order by question0_.id asc limit ?
Hibernate: select user0_.id as id1_4_0_, user0_.active as active2_4_0_, user0_.email as email3_4_0_, user0_.password as password4_4_0_ from user user0_ where user0_.id=?
Hibernate: select user0_.id as id1_4_0_, user0_.active as active2_4_0_, user0_.email as email3_4_0_, user0_.password as password4_4_0_ from user user0_ where user0_.id=?
Hibernate: select options0_.question_id as question1_3_0_, options0_.options as options2_3_0_ from question_options options0_ where options0_.question_id=?
Hibernate: select options0_.question_id as question1_3_0_, options0_.options as options2_3_0_ from question_options options0_ where options0_.question_id=?
?[1;31m
Start test 48?[0m
Hibernate: select user0_.id as id1_4_, user0_.active as active2_4_, user0_.email as email3_4_, user0_.password as password4_4_ from user user0_ where user0_.email=?
Hibernate: select question0_.id as id1_1_, question0_.text as text2_1_, question0_.title as title3_1_, question0_.user_id as user_id4_1_ from question question0_ order by question0_.id asc limit ?
Hibernate: select user0_.id as id1_4_0_, user0_.active as active2_4_0_, user0_.email as email3_4_0_, user0_.password as password4_4_0_ from user user0_ where user0_.id=?
Hibernate: select user0_.id as id1_4_0_, user0_.active as active2_4_0_, user0_.email as email3_4_0_, user0_.password as password4_4_0_ from user user0_ where user0_.id=?
Hibernate: select options0_.question_id as question1_3_0_, options0_.options as options2_3_0_ from question_options options0_ where options0_.question_id=?
Hibernate: select options0_.question_id as question1_3_0_, options0_.options as options2_3_0_ from question_options options0_ where options0_.question_id=?
?[1;31m
Start test 49?[0m
Hibernate: select user0_.id as id1_4_, user0_.active as active2_4_, user0_.email as email3_4_, user0_.password as password4_4_ from user user0_ where user0_.email=?
Hibernate: select question0_.id as id1_1_0_, question0_.text as text2_1_0_, question0_.title as title3_1_0_, question0_.user_id as user_id4_1_0_, user1_.id as id1_4_1_, user1_.active as active2_4_1_, user1_.email as email3_4_1_, user1_.password as password4_4_1_ from question question0_ left outer join user user1_ on question0_.user_id=user1_.id where question0_.id=?
Hibernate: select answer0_.question_id as question1_2_0_, answer0_.answer as answer2_2_0_ from question_answer answer0_ where answer0_.question_id=?
Hibernate: call next value for hibernate_sequence
Hibernate: insert into completion (completed_at, question_id, user_id, id) values (?, ?, ?, ?)
?[1;31m
Start test 50?[0m
Hibernate: select user0_.id as id1_4_, user0_.active as active2_4_, user0_.email as email3_4_, user0_.password as password4_4_ from user user0_ where user0_.email=?
Hibernate: select question0_.id as id1_1_0_, question0_.text as text2_1_0_, question0_.title as title3_1_0_, question0_.user_id as user_id4_1_0_, user1_.id as id1_4_1_, user1_.active as active2_4_1_, user1_.email as email3_4_1_, user1_.password as password4_4_1_ from question question0_ left outer join user user1_ on question0_.user_id=user1_.id where question0_.id=?
Hibernate: select answer0_.question_id as question1_2_0_, answer0_.answer as answer2_2_0_ from question_answer answer0_ where answer0_.question_id=?
?[1;31m
Start test 51?[0m
Hibernate: select user0_.id as id1_4_, user0_.active as active2_4_, user0_.email as email3_4_, user0_.password as password4_4_ from user user0_ where user0_.email=?
Hibernate: select question0_.id as id1_1_0_, question0_.text as text2_1_0_, question0_.title as title3_1_0_, question0_.user_id as user_id4_1_0_, user1_.id as id1_4_1_, user1_.active as active2_4_1_, user1_.email as email3_4_1_, user1_.password as password4_4_1_ from question question0_ left outer join user user1_ on question0_.user_id=user1_.id where question0_.id=?
Hibernate: select answer0_.question_id as question1_2_0_, answer0_.answer as answer2_2_0_ from question_answer answer0_ where answer0_.question_id=?
?[1;31m
Start test 52?[0m
Hibernate: select user0_.id as id1_4_, user0_.active as active2_4_, user0_.email as email3_4_, user0_.password as password4_4_ from user user0_ where user0_.email=?
Hibernate: select question0_.id as id1_1_0_, question0_.text as text2_1_0_, question0_.title as title3_1_0_, question0_.user_id as user_id4_1_0_, user1_.id as id1_4_1_, user1_.active as active2_4_1_, user1_.email as email3_4_1_, user1_.password as password4_4_1_ from question question0_ left outer join user user1_ on question0_.user_id=user1_.id where question0_.id=?
Hibernate: select answer0_.question_id as question1_2_0_, answer0_.answer as answer2_2_0_ from question_answer answer0_ where answer0_.question_id=?
Hibernate: call next value for hibernate_sequence
Hibernate: insert into completion (completed_at, question_id, user_id, id) values (?, ?, ?, ?)
?[1;31m
Start test 53?[0m
Hibernate: select user0_.id as id1_4_, user0_.active as active2_4_, user0_.email as email3_4_, user0_.password as password4_4_ from user user0_ where user0_.email=?
Hibernate: select completion0_.id as id1_0_, completion0_.completed_at as complete2_0_, completion0_.question_id as question3_0_, completion0_.user_id as user_id4_0_ from completion completion0_ where completion0_.user_id=? order by completion0_.completed_at DESC limit ?
?[1;31m
Start test 54?[0m
Hibernate: select user0_.id as id1_4_, user0_.active as active2_4_, user0_.email as email3_4_, user0_.password as password4_4_ from user user0_ where user0_.email=?
Hibernate: select completion0_.id as id1_0_, completion0_.completed_at as complete2_0_, completion0_.question_id as question3_0_, completion0_.user_id as user_id4_0_ from completion completion0_ where completion0_.user_id=? order by completion0_.completed_at DESC limit ?
?[1;31m
Start test 55?[0m
Hibernate: select user0_.id as id1_4_, user0_.active as active2_4_, user0_.email as email3_4_, user0_.password as password4_4_ from user user0_ where user0_.email=?
Hibernate: select completion0_.id as id1_0_, completion0_.completed_at as complete2_0_, completion0_.question_id as question3_0_, completion0_.user_id as user_id4_0_ from completion completion0_ where completion0_.user_id=? order by completion0_.completed_at DESC limit ?
?[1;31m
Start test 56?[0m
Hibernate: select user0_.id as id1_4_, user0_.active as active2_4_, user0_.email as email3_4_, user0_.password as password4_4_ from user user0_ where user0_.email=?
Hibernate: select completion0_.id as id1_0_, completion0_.completed_at as complete2_0_, completion0_.question_id as question3_0_, completion0_.user_id as user_id4_0_ from completion completion0_ where completion0_.user_id=? order by completion0_.completed_at DESC limit ?
?[1;31m
Start test 57?[0m
Hibernate: select user0_.id as id1_4_, user0_.active as active2_4_, user0_.email as email3_4_, user0_.password as password4_4_ from user user0_ where user0_.email=?
2020-05-16 04:11:07.085  WARN 13624 --- [nio-8889-exec-1] .w.s.m.s.DefaultHandlerExceptionResolver : Resolved [org.springframework.http.converter.HttpMessageNotReadableException: JSON parse error: Unexpected character ('"' (code 34)): was expecting comma to separate Object entries; nested exception is com.fasterxml.jackson.core.JsonParseException: Unexpected character ('"' (code 34)): was expecting comma to separate Object entries
 at [Source: (PushbackInputStream); line: 4, column: 4]]
?[1;31m
Start test 58?[0m
Hibernate: select user0_.id as id1_4_, user0_.active as active2_4_, user0_.email as email3_4_, user0_.password as password4_4_ from user user0_ where user0_.email=?
2020-05-16 04:11:07.167  WARN 13624 --- [nio-8889-exec-2] .w.s.m.s.DefaultHandlerExceptionResolver : Resolved [org.springframework.http.converter.HttpMessageNotReadableException: JSON parse error: Unexpected character ('"' (code 34)): was expecting comma to separate Object entries; nested exception is com.fasterxml.jackson.core.JsonParseException: Unexpected character ('"' (code 34)): was expecting comma to separate Object entries
 at [Source: (PushbackInputStream); line: 5, column: 4]]
?[1;31m
Start test 59?[0m
Hibernate: select user0_.id as id1_4_, user0_.active as active2_4_, user0_.email as email3_4_, user0_.password as password4_4_ from user user0_ where user0_.email=?
2020-05-16 04:11:07.249  WARN 13624 --- [nio-8889-exec-3] .w.s.m.s.DefaultHandlerExceptionResolver : Resolved [org.springframework.http.converter.HttpMessageNotReadableException: JSON parse error: Unexpected character ('"' (code 34)): was expecting comma to separate Object entries; nested exception is com.fasterxml.jackson.core.JsonParseException: Unexpected character ('"' (code 34)): was expecting comma to separate Object entries
 at [Source: (PushbackInputStream); line: 4, column: 4]]
?[1;31m
Start test 60?[0m
Hibernate: select user0_.id as id1_4_, user0_.active as active2_4_, user0_.email as email3_4_, user0_.password as password4_4_ from user user0_ where user0_.email=?
2020-05-16 04:11:07.328  WARN 13624 --- [nio-8889-exec-4] .w.s.m.s.DefaultHandlerExceptionResolver : Resolved [org.springframework.http.converter.HttpMessageNotReadableException: JSON parse error: Unexpected character ('"' (code 34)): was expecting comma to separate Object entries; nested exception is com.fasterxml.jackson.core.JsonParseException: Unexpected character ('"' (code 34)): was expecting comma to separate Object entries
 at [Source: (PushbackInputStream); line: 5, column: 4]]
?[1;31m
Start test 61?[0m
Hibernate: select user0_.id as id1_4_, user0_.active as active2_4_, user0_.email as email3_4_, user0_.password as password4_4_ from user user0_ where user0_.email=?
2020-05-16 04:11:07.423  WARN 13624 --- [nio-8889-exec-5] .w.s.m.s.DefaultHandlerExceptionResolver : Resolved [org.springframework.web.bind.MethodArgumentNotValidException: Validation failed for argument [0] in public engine.Question engine.Quiz.addQuestion(engine.Question,engine.User): [Field error in object 'question' on field 'options': rejected value [null]; codes [NotNull.question.options,NotNull.options,NotNull.java.util.List,NotNull]; arguments [org.springframework.context.support.DefaultMessageSourceResolvable: codes [question.options,options]; arguments []; default message [options]]; default message [must not be null]] ]
?[1;31m
Start test 62?[0m
Hibernate: select user0_.id as id1_4_, user0_.active as active2_4_, user0_.email as email3_4_, user0_.password as password4_4_ from user user0_ where user0_.email=?
2020-05-16 04:11:07.506  WARN 13624 --- [nio-8889-exec-6] .w.s.m.s.DefaultHandlerExceptionResolver : Resolved [org.springframework.http.converter.HttpMessageNotReadableException: JSON parse error: Unexpected character ('"' (code 34)): was expecting comma to separate Object entries; nested exception is com.fasterxml.jackson.core.JsonParseException: Unexpected character ('"' (code 34)): was expecting comma to separate Object entries
 at [Source: (PushbackInputStream); line: 5, column: 4]]
?[1;31m
Start test 63?[0m
Hibernate: select user0_.id as id1_4_, user0_.active as active2_4_, user0_.email as email3_4_, user0_.password as password4_4_ from user user0_ where user0_.email=?
2020-05-16 04:11:07.587  WARN 13624 --- [nio-8889-exec-7] .w.s.m.s.DefaultHandlerExceptionResolver : Resolved [org.springframework.http.converter.HttpMessageNotReadableException: JSON parse error: Unexpected character ('"' (code 34)): was expecting comma to separate Object entries; nested exception is com.fasterxml.jackson.core.JsonParseException: Unexpected character ('"' (code 34)): was expecting comma to separate Object entries
 at [Source: (PushbackInputStream); line: 5, column: 4]]
?[1;31m
Start test 64?[0m
Hibernate: select user0_.id as id1_4_, user0_.active as active2_4_, user0_.email as email3_4_, user0_.password as password4_4_ from user user0_ where user0_.email=?
Hibernate: call next value for hibernate_sequence
Hibernate: insert into question (text, title, user_id, id) values (?, ?, ?, ?)
Hibernate: insert into question_answer (question_id, answer) values (?, ?)
Hibernate: insert into question_answer (question_id, answer) values (?, ?)
Hibernate: insert into question_options (question_id, options) values (?, ?)
Hibernate: insert into question_options (question_id, options) values (?, ?)
Hibernate: insert into question_options (question_id, options) values (?, ?)
Hibernate: insert into question_options (question_id, options) values (?, ?)
?[1;31m
Start test 65?[0m
Hibernate: select user0_.id as id1_4_, user0_.active as active2_4_, user0_.email as email3_4_, user0_.password as password4_4_ from user user0_ where user0_.email=?
Hibernate: select question0_.id as id1_1_0_, question0_.text as text2_1_0_, question0_.title as title3_1_0_, question0_.user_id as user_id4_1_0_, user1_.id as id1_4_1_, user1_.active as active2_4_1_, user1_.email as email3_4_1_, user1_.password as password4_4_1_ from question question0_ left outer join user user1_ on question0_.user_id=user1_.id where question0_.id=?
Hibernate: select options0_.question_id as question1_3_0_, options0_.options as options2_3_0_ from question_options options0_ where options0_.question_id=?
?[1;31m
Start test 66?[0m
Hibernate: select user0_.id as id1_4_, user0_.active as active2_4_, user0_.email as email3_4_, user0_.password as password4_4_ from user user0_ where user0_.email=?
Hibernate: select question0_.id as id1_1_0_, question0_.text as text2_1_0_, question0_.title as title3_1_0_, question0_.user_id as user_id4_1_0_, user1_.id as id1_4_1_, user1_.active as active2_4_1_, user1_.email as email3_4_1_, user1_.password as password4_4_1_ from question question0_ left outer join user user1_ on question0_.user_id=user1_.id where question0_.id=?
?[1;31m
Start test 67?[0m
Hibernate: select user0_.id as id1_4_, user0_.active as active2_4_, user0_.email as email3_4_, user0_.password as password4_4_ from user user0_ where user0_.email=?
Hibernate: select question0_.id as id1_1_0_, question0_.text as text2_1_0_, question0_.title as title3_1_0_, question0_.user_id as user_id4_1_0_, user1_.id as id1_4_1_, user1_.active as active2_4_1_, user1_.email as email3_4_1_, user1_.password as password4_4_1_ from question question0_ left outer join user user1_ on question0_.user_id=user1_.id where question0_.id=?
Hibernate: select answer0_.question_id as question1_2_0_, answer0_.answer as answer2_2_0_ from question_answer answer0_ where answer0_.question_id=?
?[1;31m
Start test 68?[0m
Hibernate: select user0_.id as id1_4_, user0_.active as active2_4_, user0_.email as email3_4_, user0_.password as password4_4_ from user user0_ where user0_.email=?
Hibernate: select question0_.id as id1_1_0_, question0_.text as text2_1_0_, question0_.title as title3_1_0_, question0_.user_id as user_id4_1_0_, user1_.id as id1_4_1_, user1_.active as active2_4_1_, user1_.email as email3_4_1_, user1_.password as password4_4_1_ from question question0_ left outer join user user1_ on question0_.user_id=user1_.id where question0_.id=?
Hibernate: select answer0_.question_id as question1_2_0_, answer0_.answer as answer2_2_0_ from question_answer answer0_ where answer0_.question_id=?
?[1;31m
Start test 69?[0m
Hibernate: select user0_.id as id1_4_, user0_.active as active2_4_, user0_.email as email3_4_, user0_.password as password4_4_ from user user0_ where user0_.email=?
Hibernate: select question0_.id as id1_1_0_, question0_.text as text2_1_0_, question0_.title as title3_1_0_, question0_.user_id as user_id4_1_0_, user1_.id as id1_4_1_, user1_.active as active2_4_1_, user1_.email as email3_4_1_, user1_.password as password4_4_1_ from question question0_ left outer join user user1_ on question0_.user_id=user1_.id where question0_.id=?
Hibernate: select answer0_.question_id as question1_2_0_, answer0_.answer as answer2_2_0_ from question_answer answer0_ where answer0_.question_id=?
?[1;31m
Start test 70?[0m
Hibernate: select user0_.id as id1_4_, user0_.active as active2_4_, user0_.email as email3_4_, user0_.password as password4_4_ from user user0_ where user0_.email=?
Hibernate: select question0_.id as id1_1_0_, question0_.text as text2_1_0_, question0_.title as title3_1_0_, question0_.user_id as user_id4_1_0_, user1_.id as id1_4_1_, user1_.active as active2_4_1_, user1_.email as email3_4_1_, user1_.password as password4_4_1_ from question question0_ left outer join user user1_ on question0_.user_id=user1_.id where question0_.id=?
Hibernate: select answer0_.question_id as question1_2_0_, answer0_.answer as answer2_2_0_ from question_answer answer0_ where answer0_.question_id=?
?[1;31m
Start test 71?[0m
Hibernate: select user0_.id as id1_4_, user0_.active as active2_4_, user0_.email as email3_4_, user0_.password as password4_4_ from user user0_ where user0_.email=?
Hibernate: select question0_.id as id1_1_0_, question0_.text as text2_1_0_, question0_.title as title3_1_0_, question0_.user_id as user_id4_1_0_, user1_.id as id1_4_1_, user1_.active as active2_4_1_, user1_.email as email3_4_1_, user1_.password as password4_4_1_ from question question0_ left outer join user user1_ on question0_.user_id=user1_.id where question0_.id=?
Hibernate: select answer0_.question_id as question1_2_0_, answer0_.answer as answer2_2_0_ from question_answer answer0_ where answer0_.question_id=?
?[1;31m
Start test 72?[0m
Hibernate: select user0_.id as id1_4_, user0_.active as active2_4_, user0_.email as email3_4_, user0_.password as password4_4_ from user user0_ where user0_.email=?
Hibernate: select question0_.id as id1_1_0_, question0_.text as text2_1_0_, question0_.title as title3_1_0_, question0_.user_id as user_id4_1_0_, user1_.id as id1_4_1_, user1_.active as active2_4_1_, user1_.email as email3_4_1_, user1_.password as password4_4_1_ from question question0_ left outer join user user1_ on question0_.user_id=user1_.id where question0_.id=?
Hibernate: select answer0_.question_id as question1_2_0_, answer0_.answer as answer2_2_0_ from question_answer answer0_ where answer0_.question_id=?
Hibernate: call next value for hibernate_sequence
Hibernate: insert into completion (completed_at, question_id, user_id, id) values (?, ?, ?, ?)
?[1;31m
Start test 73?[0m
Hibernate: select user0_.id as id1_4_, user0_.active as active2_4_, user0_.email as email3_4_, user0_.password as password4_4_ from user user0_ where user0_.email=?
Hibernate: select question0_.id as id1_1_0_, question0_.text as text2_1_0_, question0_.title as title3_1_0_, question0_.user_id as user_id4_1_0_, user1_.id as id1_4_1_, user1_.active as active2_4_1_, user1_.email as email3_4_1_, user1_.password as password4_4_1_ from question question0_ left outer join user user1_ on question0_.user_id=user1_.id where question0_.id=?
Hibernate: select answer0_.question_id as question1_2_0_, answer0_.answer as answer2_2_0_ from question_answer answer0_ where answer0_.question_id=?
?[1;31m
Start test 74?[0m
Hibernate: select user0_.id as id1_4_, user0_.active as active2_4_, user0_.email as email3_4_, user0_.password as password4_4_ from user user0_ where user0_.email=?
Hibernate: select question0_.id as id1_1_0_, question0_.text as text2_1_0_, question0_.title as title3_1_0_, question0_.user_id as user_id4_1_0_, user1_.id as id1_4_1_, user1_.active as active2_4_1_, user1_.email as email3_4_1_, user1_.password as password4_4_1_ from question question0_ left outer join user user1_ on question0_.user_id=user1_.id where question0_.id=?
Hibernate: select answer0_.question_id as question1_2_0_, answer0_.answer as answer2_2_0_ from question_answer answer0_ where answer0_.question_id=?
?[1;31m
Start test 75?[0m
Hibernate: select user0_.id as id1_4_, user0_.active as active2_4_, user0_.email as email3_4_, user0_.password as password4_4_ from user user0_ where user0_.email=?
Hibernate: select question0_.id as id1_1_0_, question0_.text as text2_1_0_, question0_.title as title3_1_0_, question0_.user_id as user_id4_1_0_, user1_.id as id1_4_1_, user1_.active as active2_4_1_, user1_.email as email3_4_1_, user1_.password as password4_4_1_ from question question0_ left outer join user user1_ on question0_.user_id=user1_.id where question0_.id=?
Hibernate: select answer0_.question_id as question1_2_0_, answer0_.answer as answer2_2_0_ from question_answer answer0_ where answer0_.question_id=?
?[1;31m
Start test 76?[0m
Hibernate: select user0_.id as id1_4_, user0_.active as active2_4_, user0_.email as email3_4_, user0_.password as password4_4_ from user user0_ where user0_.email=?
Hibernate: select question0_.id as id1_1_0_, question0_.text as text2_1_0_, question0_.title as title3_1_0_, question0_.user_id as user_id4_1_0_, user1_.id as id1_4_1_, user1_.active as active2_4_1_, user1_.email as email3_4_1_, user1_.password as password4_4_1_ from question question0_ left outer join user user1_ on question0_.user_id=user1_.id where question0_.id=?
Hibernate: select answer0_.question_id as question1_2_0_, answer0_.answer as answer2_2_0_ from question_answer answer0_ where answer0_.question_id=?
?[1;31m
Start test 77?[0m
Hibernate: select user0_.id as id1_4_, user0_.active as active2_4_, user0_.email as email3_4_, user0_.password as password4_4_ from user user0_ where user0_.email=?
Hibernate: select question0_.id as id1_1_0_, question0_.text as text2_1_0_, question0_.title as title3_1_0_, question0_.user_id as user_id4_1_0_, user1_.id as id1_4_1_, user1_.active as active2_4_1_, user1_.email as email3_4_1_, user1_.password as password4_4_1_ from question question0_ left outer join user user1_ on question0_.user_id=user1_.id where question0_.id=?
Hibernate: select answer0_.question_id as question1_2_0_, answer0_.answer as answer2_2_0_ from question_answer answer0_ where answer0_.question_id=?
?[1;31m
Start test 78?[0m
Hibernate: select user0_.id as id1_4_, user0_.active as active2_4_, user0_.email as email3_4_, user0_.password as password4_4_ from user user0_ where user0_.email=?
Hibernate: select question0_.id as id1_1_0_, question0_.text as text2_1_0_, question0_.title as title3_1_0_, question0_.user_id as user_id4_1_0_, user1_.id as id1_4_1_, user1_.active as active2_4_1_, user1_.email as email3_4_1_, user1_.password as password4_4_1_ from question question0_ left outer join user user1_ on question0_.user_id=user1_.id where question0_.id=?
Hibernate: select answer0_.question_id as question1_2_0_, answer0_.answer as answer2_2_0_ from question_answer answer0_ where answer0_.question_id=?
?[1;31m
Start test 79?[0m
Hibernate: select user0_.id as id1_4_, user0_.active as active2_4_, user0_.email as email3_4_, user0_.password as password4_4_ from user user0_ where user0_.email=?
Hibernate: select question0_.id as id1_1_0_, question0_.text as text2_1_0_, question0_.title as title3_1_0_, question0_.user_id as user_id4_1_0_, user1_.id as id1_4_1_, user1_.active as active2_4_1_, user1_.email as email3_4_1_, user1_.password as password4_4_1_ from question question0_ left outer join user user1_ on question0_.user_id=user1_.id where question0_.id=?
Hibernate: select answer0_.question_id as question1_2_0_, answer0_.answer as answer2_2_0_ from question_answer answer0_ where answer0_.question_id=?
?[1;31m
Start test 80?[0m
Hibernate: select user0_.id as id1_4_, user0_.active as active2_4_, user0_.email as email3_4_, user0_.password as password4_4_ from user user0_ where user0_.email=?
Hibernate: select question0_.id as id1_1_0_, question0_.text as text2_1_0_, question0_.title as title3_1_0_, question0_.user_id as user_id4_1_0_, user1_.id as id1_4_1_, user1_.active as active2_4_1_, user1_.email as email3_4_1_, user1_.password as password4_4_1_ from question question0_ left outer join user user1_ on question0_.user_id=user1_.id where question0_.id=?
Hibernate: select answer0_.question_id as question1_2_0_, answer0_.answer as answer2_2_0_ from question_answer answer0_ where answer0_.question_id=?
?[1;31m
Start test 81?[0m
Hibernate: select user0_.id as id1_4_, user0_.active as active2_4_, user0_.email as email3_4_, user0_.password as password4_4_ from user user0_ where user0_.email=?
Hibernate: select question0_.id as id1_1_0_, question0_.text as text2_1_0_, question0_.title as title3_1_0_, question0_.user_id as user_id4_1_0_, user1_.id as id1_4_1_, user1_.active as active2_4_1_, user1_.email as email3_4_1_, user1_.password as password4_4_1_ from question question0_ left outer join user user1_ on question0_.user_id=user1_.id where question0_.id=?
Hibernate: select answer0_.question_id as question1_2_0_, answer0_.answer as answer2_2_0_ from question_answer answer0_ where answer0_.question_id=?
?[1;31m
Start test 82?[0m
Hibernate: select user0_.id as id1_4_, user0_.active as active2_4_, user0_.email as email3_4_, user0_.password as password4_4_ from user user0_ where user0_.email=?
Hibernate: call next value for hibernate_sequence
Hibernate: insert into question (text, title, user_id, id) values (?, ?, ?, ?)
Hibernate: insert into question_answer (question_id, answer) values (?, ?)
Hibernate: insert into question_answer (question_id, answer) values (?, ?)
Hibernate: insert into question_options (question_id, options) values (?, ?)
Hibernate: insert into question_options (question_id, options) values (?, ?)
Hibernate: insert into question_options (question_id, options) values (?, ?)
Hibernate: insert into question_options (question_id, options) values (?, ?)
?[1;31m
Start test 83?[0m
Hibernate: select user0_.id as id1_4_, user0_.active as active2_4_, user0_.email as email3_4_, user0_.password as password4_4_ from user user0_ where user0_.email=?
Hibernate: select question0_.id as id1_1_0_, question0_.text as text2_1_0_, question0_.title as title3_1_0_, question0_.user_id as user_id4_1_0_, user1_.id as id1_4_1_, user1_.active as active2_4_1_, user1_.email as email3_4_1_, user1_.password as password4_4_1_ from question question0_ left outer join user user1_ on question0_.user_id=user1_.id where question0_.id=?
Hibernate: select options0_.question_id as question1_3_0_, options0_.options as options2_3_0_ from question_options options0_ where options0_.question_id=?
?[1;31m
Start test 84?[0m
Hibernate: select user0_.id as id1_4_, user0_.active as active2_4_, user0_.email as email3_4_, user0_.password as password4_4_ from user user0_ where user0_.email=?
Hibernate: select question0_.id as id1_1_0_, question0_.text as text2_1_0_, question0_.title as title3_1_0_, question0_.user_id as user_id4_1_0_, user1_.id as id1_4_1_, user1_.active as active2_4_1_, user1_.email as email3_4_1_, user1_.password as password4_4_1_ from question question0_ left outer join user user1_ on question0_.user_id=user1_.id where question0_.id=?
?[1;31m
Start test 85?[0m
Hibernate: select user0_.id as id1_4_, user0_.active as active2_4_, user0_.email as email3_4_, user0_.password as password4_4_ from user user0_ where user0_.email=?
Hibernate: select question0_.id as id1_1_0_, question0_.text as text2_1_0_, question0_.title as title3_1_0_, question0_.user_id as user_id4_1_0_, user1_.id as id1_4_1_, user1_.active as active2_4_1_, user1_.email as email3_4_1_, user1_.password as password4_4_1_ from question question0_ left outer join user user1_ on question0_.user_id=user1_.id where question0_.id=?
Hibernate: select answer0_.question_id as question1_2_0_, answer0_.answer as answer2_2_0_ from question_answer answer0_ where answer0_.question_id=?
?[1;31m
Start test 86?[0m
Hibernate: select user0_.id as id1_4_, user0_.active as active2_4_, user0_.email as email3_4_, user0_.password as password4_4_ from user user0_ where user0_.email=?
Hibernate: select question0_.id as id1_1_0_, question0_.text as text2_1_0_, question0_.title as title3_1_0_, question0_.user_id as user_id4_1_0_, user1_.id as id1_4_1_, user1_.active as active2_4_1_, user1_.email as email3_4_1_, user1_.password as password4_4_1_ from question question0_ left outer join user user1_ on question0_.user_id=user1_.id where question0_.id=?
Hibernate: select answer0_.question_id as question1_2_0_, answer0_.answer as answer2_2_0_ from question_answer answer0_ where answer0_.question_id=?
?[1;31m
Start test 87?[0m
Hibernate: select user0_.id as id1_4_, user0_.active as active2_4_, user0_.email as email3_4_, user0_.password as password4_4_ from user user0_ where user0_.email=?
Hibernate: select question0_.id as id1_1_0_, question0_.text as text2_1_0_, question0_.title as title3_1_0_, question0_.user_id as user_id4_1_0_, user1_.id as id1_4_1_, user1_.active as active2_4_1_, user1_.email as email3_4_1_, user1_.password as password4_4_1_ from question question0_ left outer join user user1_ on question0_.user_id=user1_.id where question0_.id=?
Hibernate: select answer0_.question_id as question1_2_0_, answer0_.answer as answer2_2_0_ from question_answer answer0_ where answer0_.question_id=?
?[1;31m
Start test 88?[0m
Hibernate: select user0_.id as id1_4_, user0_.active as active2_4_, user0_.email as email3_4_, user0_.password as password4_4_ from user user0_ where user0_.email=?
Hibernate: select question0_.id as id1_1_0_, question0_.text as text2_1_0_, question0_.title as title3_1_0_, question0_.user_id as user_id4_1_0_, user1_.id as id1_4_1_, user1_.active as active2_4_1_, user1_.email as email3_4_1_, user1_.password as password4_4_1_ from question question0_ left outer join user user1_ on question0_.user_id=user1_.id where question0_.id=?
Hibernate: select answer0_.question_id as question1_2_0_, answer0_.answer as answer2_2_0_ from question_answer answer0_ where answer0_.question_id=?
?[1;31m
Start test 89?[0m
Hibernate: select user0_.id as id1_4_, user0_.active as active2_4_, user0_.email as email3_4_, user0_.password as password4_4_ from user user0_ where user0_.email=?
Hibernate: select question0_.id as id1_1_0_, question0_.text as text2_1_0_, question0_.title as title3_1_0_, question0_.user_id as user_id4_1_0_, user1_.id as id1_4_1_, user1_.active as active2_4_1_, user1_.email as email3_4_1_, user1_.password as password4_4_1_ from question question0_ left outer join user user1_ on question0_.user_id=user1_.id where question0_.id=?
Hibernate: select answer0_.question_id as question1_2_0_, answer0_.answer as answer2_2_0_ from question_answer answer0_ where answer0_.question_id=?
?[1;31m
Start test 90?[0m
Hibernate: select user0_.id as id1_4_, user0_.active as active2_4_, user0_.email as email3_4_, user0_.password as password4_4_ from user user0_ where user0_.email=?
Hibernate: select question0_.id as id1_1_0_, question0_.text as text2_1_0_, question0_.title as title3_1_0_, question0_.user_id as user_id4_1_0_, user1_.id as id1_4_1_, user1_.active as active2_4_1_, user1_.email as email3_4_1_, user1_.password as password4_4_1_ from question question0_ left outer join user user1_ on question0_.user_id=user1_.id where question0_.id=?
Hibernate: select answer0_.question_id as question1_2_0_, answer0_.answer as answer2_2_0_ from question_answer answer0_ where answer0_.question_id=?
?[1;31m
Start test 91?[0m
Hibernate: select user0_.id as id1_4_, user0_.active as active2_4_, user0_.email as email3_4_, user0_.password as password4_4_ from user user0_ where user0_.email=?
Hibernate: select question0_.id as id1_1_0_, question0_.text as text2_1_0_, question0_.title as title3_1_0_, question0_.user_id as user_id4_1_0_, user1_.id as id1_4_1_, user1_.active as active2_4_1_, user1_.email as email3_4_1_, user1_.password as password4_4_1_ from question question0_ left outer join user user1_ on question0_.user_id=user1_.id where question0_.id=?
Hibernate: select answer0_.question_id as question1_2_0_, answer0_.answer as answer2_2_0_ from question_answer answer0_ where answer0_.question_id=?
?[1;31m
Start test 92?[0m
Hibernate: select user0_.id as id1_4_, user0_.active as active2_4_, user0_.email as email3_4_, user0_.password as password4_4_ from user user0_ where user0_.email=?
Hibernate: select question0_.id as id1_1_0_, question0_.text as text2_1_0_, question0_.title as title3_1_0_, question0_.user_id as user_id4_1_0_, user1_.id as id1_4_1_, user1_.active as active2_4_1_, user1_.email as email3_4_1_, user1_.password as password4_4_1_ from question question0_ left outer join user user1_ on question0_.user_id=user1_.id where question0_.id=?
Hibernate: select answer0_.question_id as question1_2_0_, answer0_.answer as answer2_2_0_ from question_answer answer0_ where answer0_.question_id=?
?[1;31m
Start test 93?[0m
Hibernate: select user0_.id as id1_4_, user0_.active as active2_4_, user0_.email as email3_4_, user0_.password as password4_4_ from user user0_ where user0_.email=?
Hibernate: select question0_.id as id1_1_0_, question0_.text as text2_1_0_, question0_.title as title3_1_0_, question0_.user_id as user_id4_1_0_, user1_.id as id1_4_1_, user1_.active as active2_4_1_, user1_.email as email3_4_1_, user1_.password as password4_4_1_ from question question0_ left outer join user user1_ on question0_.user_id=user1_.id where question0_.id=?
Hibernate: select answer0_.question_id as question1_2_0_, answer0_.answer as answer2_2_0_ from question_answer answer0_ where answer0_.question_id=?
?[1;31m
Start test 94?[0m
Hibernate: select user0_.id as id1_4_, user0_.active as active2_4_, user0_.email as email3_4_, user0_.password as password4_4_ from user user0_ where user0_.email=?
Hibernate: select question0_.id as id1_1_0_, question0_.text as text2_1_0_, question0_.title as title3_1_0_, question0_.user_id as user_id4_1_0_, user1_.id as id1_4_1_, user1_.active as active2_4_1_, user1_.email as email3_4_1_, user1_.password as password4_4_1_ from question question0_ left outer join user user1_ on question0_.user_id=user1_.id where question0_.id=?
Hibernate: select answer0_.question_id as question1_2_0_, answer0_.answer as answer2_2_0_ from question_answer answer0_ where answer0_.question_id=?
Hibernate: call next value for hibernate_sequence
Hibernate: insert into completion (completed_at, question_id, user_id, id) values (?, ?, ?, ?)
?[1;31m
Start test 95?[0m
Hibernate: select user0_.id as id1_4_, user0_.active as active2_4_, user0_.email as email3_4_, user0_.password as password4_4_ from user user0_ where user0_.email=?
Hibernate: select question0_.id as id1_1_0_, question0_.text as text2_1_0_, question0_.title as title3_1_0_, question0_.user_id as user_id4_1_0_, user1_.id as id1_4_1_, user1_.active as active2_4_1_, user1_.email as email3_4_1_, user1_.password as password4_4_1_ from question question0_ left outer join user user1_ on question0_.user_id=user1_.id where question0_.id=?
Hibernate: select answer0_.question_id as question1_2_0_, answer0_.answer as answer2_2_0_ from question_answer answer0_ where answer0_.question_id=?
?[1;31m
Start test 96?[0m
Hibernate: select user0_.id as id1_4_, user0_.active as active2_4_, user0_.email as email3_4_, user0_.password as password4_4_ from user user0_ where user0_.email=?
Hibernate: select question0_.id as id1_1_0_, question0_.text as text2_1_0_, question0_.title as title3_1_0_, question0_.user_id as user_id4_1_0_, user1_.id as id1_4_1_, user1_.active as active2_4_1_, user1_.email as email3_4_1_, user1_.password as password4_4_1_ from question question0_ left outer join user user1_ on question0_.user_id=user1_.id where question0_.id=?
Hibernate: select answer0_.question_id as question1_2_0_, answer0_.answer as answer2_2_0_ from question_answer answer0_ where answer0_.question_id=?
?[1;31m
Start test 97?[0m
Hibernate: select user0_.id as id1_4_, user0_.active as active2_4_, user0_.email as email3_4_, user0_.password as password4_4_ from user user0_ where user0_.email=?
Hibernate: select question0_.id as id1_1_0_, question0_.text as text2_1_0_, question0_.title as title3_1_0_, question0_.user_id as user_id4_1_0_, user1_.id as id1_4_1_, user1_.active as active2_4_1_, user1_.email as email3_4_1_, user1_.password as password4_4_1_ from question question0_ left outer join user user1_ on question0_.user_id=user1_.id where question0_.id=?
Hibernate: select answer0_.question_id as question1_2_0_, answer0_.answer as answer2_2_0_ from question_answer answer0_ where answer0_.question_id=?
?[1;31m
Start test 98?[0m
Hibernate: select user0_.id as id1_4_, user0_.active as active2_4_, user0_.email as email3_4_, user0_.password as password4_4_ from user user0_ where user0_.email=?
Hibernate: select question0_.id as id1_1_0_, question0_.text as text2_1_0_, question0_.title as title3_1_0_, question0_.user_id as user_id4_1_0_, user1_.id as id1_4_1_, user1_.active as active2_4_1_, user1_.email as email3_4_1_, user1_.password as password4_4_1_ from question question0_ left outer join user user1_ on question0_.user_id=user1_.id where question0_.id=?
Hibernate: select answer0_.question_id as question1_2_0_, answer0_.answer as answer2_2_0_ from question_answer answer0_ where answer0_.question_id=?
?[1;31m
Start test 99?[0m
Hibernate: select user0_.id as id1_4_, user0_.active as active2_4_, user0_.email as email3_4_, user0_.password as password4_4_ from user user0_ where user0_.email=?
Hibernate: select question0_.id as id1_1_0_, question0_.text as text2_1_0_, question0_.title as title3_1_0_, question0_.user_id as user_id4_1_0_, user1_.id as id1_4_1_, user1_.active as active2_4_1_, user1_.email as email3_4_1_, user1_.password as password4_4_1_ from question question0_ left outer join user user1_ on question0_.user_id=user1_.id where question0_.id=?
Hibernate: select answer0_.question_id as question1_2_0_, answer0_.answer as answer2_2_0_ from question_answer answer0_ where answer0_.question_id=?
?[1;31m
Start test 100?[0m
Hibernate: select user0_.id as id1_4_, user0_.active as active2_4_, user0_.email as email3_4_, user0_.password as password4_4_ from user user0_ where user0_.email=?
Hibernate: call next value for hibernate_sequence
Hibernate: insert into question (text, title, user_id, id) values (?, ?, ?, ?)
Hibernate: insert into question_options (question_id, options) values (?, ?)
Hibernate: insert into question_options (question_id, options) values (?, ?)
Hibernate: insert into question_options (question_id, options) values (?, ?)
Hibernate: insert into question_options (question_id, options) values (?, ?)
?[1;31m
Start test 101?[0m
Hibernate: select user0_.id as id1_4_, user0_.active as active2_4_, user0_.email as email3_4_, user0_.password as password4_4_ from user user0_ where user0_.email=?
Hibernate: select question0_.id as id1_1_0_, question0_.text as text2_1_0_, question0_.title as title3_1_0_, question0_.user_id as user_id4_1_0_, user1_.id as id1_4_1_, user1_.active as active2_4_1_, user1_.email as email3_4_1_, user1_.password as password4_4_1_ from question question0_ left outer join user user1_ on question0_.user_id=user1_.id where question0_.id=?
Hibernate: select options0_.question_id as question1_3_0_, options0_.options as options2_3_0_ from question_options options0_ where options0_.question_id=?
?[1;31m
Start test 102?[0m
Hibernate: select user0_.id as id1_4_, user0_.active as active2_4_, user0_.email as email3_4_, user0_.password as password4_4_ from user user0_ where user0_.email=?
Hibernate: select question0_.id as id1_1_0_, question0_.text as text2_1_0_, question0_.title as title3_1_0_, question0_.user_id as user_id4_1_0_, user1_.id as id1_4_1_, user1_.active as active2_4_1_, user1_.email as email3_4_1_, user1_.password as password4_4_1_ from question question0_ left outer join user user1_ on question0_.user_id=user1_.id where question0_.id=?
?[1;31m
Start test 103?[0m
Hibernate: select user0_.id as id1_4_, user0_.active as active2_4_, user0_.email as email3_4_, user0_.password as password4_4_ from user user0_ where user0_.email=?
Hibernate: select question0_.id as id1_1_0_, question0_.text as text2_1_0_, question0_.title as title3_1_0_, question0_.user_id as user_id4_1_0_, user1_.id as id1_4_1_, user1_.active as active2_4_1_, user1_.email as email3_4_1_, user1_.password as password4_4_1_ from question question0_ left outer join user user1_ on question0_.user_id=user1_.id where question0_.id=?
Hibernate: select answer0_.question_id as question1_2_0_, answer0_.answer as answer2_2_0_ from question_answer answer0_ where answer0_.question_id=?
Hibernate: call next value for hibernate_sequence
Hibernate: insert into completion (completed_at, question_id, user_id, id) values (?, ?, ?, ?)
?[1;31m
Start test 104?[0m
Hibernate: select user0_.id as id1_4_, user0_.active as active2_4_, user0_.email as email3_4_, user0_.password as password4_4_ from user user0_ where user0_.email=?
Hibernate: select question0_.id as id1_1_0_, question0_.text as text2_1_0_, question0_.title as title3_1_0_, question0_.user_id as user_id4_1_0_, user1_.id as id1_4_1_, user1_.active as active2_4_1_, user1_.email as email3_4_1_, user1_.password as password4_4_1_ from question question0_ left outer join user user1_ on question0_.user_id=user1_.id where question0_.id=?
Hibernate: select answer0_.question_id as question1_2_0_, answer0_.answer as answer2_2_0_ from question_answer answer0_ where answer0_.question_id=?
?[1;31m
Start test 105?[0m
Hibernate: select user0_.id as id1_4_, user0_.active as active2_4_, user0_.email as email3_4_, user0_.password as password4_4_ from user user0_ where user0_.email=?
Hibernate: select question0_.id as id1_1_0_, question0_.text as text2_1_0_, question0_.title as title3_1_0_, question0_.user_id as user_id4_1_0_, user1_.id as id1_4_1_, user1_.active as active2_4_1_, user1_.email as email3_4_1_, user1_.password as password4_4_1_ from question question0_ left outer join user user1_ on question0_.user_id=user1_.id where question0_.id=?
Hibernate: select answer0_.question_id as question1_2_0_, answer0_.answer as answer2_2_0_ from question_answer answer0_ where answer0_.question_id=?
?[1;31m
Start test 106?[0m
Hibernate: select user0_.id as id1_4_, user0_.active as active2_4_, user0_.email as email3_4_, user0_.password as password4_4_ from user user0_ where user0_.email=?
Hibernate: select question0_.id as id1_1_0_, question0_.text as text2_1_0_, question0_.title as title3_1_0_, question0_.user_id as user_id4_1_0_, user1_.id as id1_4_1_, user1_.active as active2_4_1_, user1_.email as email3_4_1_, user1_.password as password4_4_1_ from question question0_ left outer join user user1_ on question0_.user_id=user1_.id where question0_.id=?
Hibernate: select answer0_.question_id as question1_2_0_, answer0_.answer as answer2_2_0_ from question_answer answer0_ where answer0_.question_id=?
?[1;31m
Start test 107?[0m
Hibernate: select user0_.id as id1_4_, user0_.active as active2_4_, user0_.email as email3_4_, user0_.password as password4_4_ from user user0_ where user0_.email=?
Hibernate: select question0_.id as id1_1_0_, question0_.text as text2_1_0_, question0_.title as title3_1_0_, question0_.user_id as user_id4_1_0_, user1_.id as id1_4_1_, user1_.active as active2_4_1_, user1_.email as email3_4_1_, user1_.password as password4_4_1_ from question question0_ left outer join user user1_ on question0_.user_id=user1_.id where question0_.id=?
Hibernate: select answer0_.question_id as question1_2_0_, answer0_.answer as answer2_2_0_ from question_answer answer0_ where answer0_.question_id=?
?[1;31m
Start test 108?[0m
Hibernate: select user0_.id as id1_4_, user0_.active as active2_4_, user0_.email as email3_4_, user0_.password as password4_4_ from user user0_ where user0_.email=?
Hibernate: select question0_.id as id1_1_0_, question0_.text as text2_1_0_, question0_.title as title3_1_0_, question0_.user_id as user_id4_1_0_, user1_.id as id1_4_1_, user1_.active as active2_4_1_, user1_.email as email3_4_1_, user1_.password as password4_4_1_ from question question0_ left outer join user user1_ on question0_.user_id=user1_.id where question0_.id=?
Hibernate: select answer0_.question_id as question1_2_0_, answer0_.answer as answer2_2_0_ from question_answer answer0_ where answer0_.question_id=?
?[1;31m
Start test 109?[0m
Hibernate: select user0_.id as id1_4_, user0_.active as active2_4_, user0_.email as email3_4_, user0_.password as password4_4_ from user user0_ where user0_.email=?
Hibernate: select question0_.id as id1_1_0_, question0_.text as text2_1_0_, question0_.title as title3_1_0_, question0_.user_id as user_id4_1_0_, user1_.id as id1_4_1_, user1_.active as active2_4_1_, user1_.email as email3_4_1_, user1_.password as password4_4_1_ from question question0_ left outer join user user1_ on question0_.user_id=user1_.id where question0_.id=?
Hibernate: select answer0_.question_id as question1_2_0_, answer0_.answer as answer2_2_0_ from question_answer answer0_ where answer0_.question_id=?
?[1;31m
Start test 110?[0m
[...]
Hibernate: select user0_.id as id1_4_, user0_.active as active2_4_, user0_.email as email3_4_, user0_.password as password4_4_ from user user0_ where user0_.email=?
Hibernate: select question0_.id as id1_1_, question0_.text as text2_1_, question0_.title as title3_1_, question0_.user_id as user_id4_1_ from question question0_ order by question0_.id asc limit ?
Hibernate: select user0_.id as id1_4_0_, user0_.active as active2_4_0_, user0_.email as email3_4_0_, user0_.password as password4_4_0_ from user user0_ where user0_.id=?
Hibernate: select options0_.question_id as question1_3_0_, options0_.options as options2_3_0_ from question_options options0_ where options0_.question_id=?
Hibernate: select options0_.question_id as question1_3_0_, options0_.options as options2_3_0_ from question_options options0_ where options0_.question_id=?
Hibernate: select options0_.question_id as question1_3_0_, options0_.options as options2_3_0_ from question_options options0_ where options0_.question_id=?
Hibernate: select options0_.question_id as question1_3_0_, options0_.options as options2_3_0_ from question_options options0_ where options0_.question_id=?
Hibernate: select options0_.question_id as question1_3_0_, options0_.options as options2_3_0_ from question_options options0_ where options0_.question_id=?
?[1;31m
Start test 217?[0m
Hibernate: select user0_.id as id1_4_, user0_.active as active2_4_, user0_.email as email3_4_, user0_.password as password4_4_ from user user0_ where user0_.email=?
Hibernate: select question0_.id as id1_1_0_, question0_.text as text2_1_0_, question0_.title as title3_1_0_, question0_.user_id as user_id4_1_0_, user1_.id as id1_4_1_, user1_.active as active2_4_1_, user1_.email as email3_4_1_, user1_.password as password4_4_1_ from question question0_ left outer join user user1_ on question0_.user_id=user1_.id where question0_.id=?
?[1;31m
Start test 218?[0m
Hibernate: select user0_.id as id1_4_, user0_.active as active2_4_, user0_.email as email3_4_, user0_.password as password4_4_ from user user0_ where user0_.email=?
Hibernate: select question0_.id as id1_1_0_, question0_.text as text2_1_0_, question0_.title as title3_1_0_, question0_.user_id as user_id4_1_0_, user1_.id as id1_4_1_, user1_.active as active2_4_1_, user1_.email as email3_4_1_, user1_.password as password4_4_1_ from question question0_ left outer join user user1_ on question0_.user_id=user1_.id where question0_.id=?
?[1;31m
Start test 219?[0m
Hibernate: select user0_.id as id1_4_, user0_.active as active2_4_, user0_.email as email3_4_, user0_.password as password4_4_ from user user0_ where user0_.email=?
Hibernate: select question0_.id as id1_1_0_, question0_.text as text2_1_0_, question0_.title as title3_1_0_, question0_.user_id as user_id4_1_0_, user1_.id as id1_4_1_, user1_.active as active2_4_1_, user1_.email as email3_4_1_, user1_.password as password4_4_1_ from question question0_ left outer join user user1_ on question0_.user_id=user1_.id where question0_.id=?
?[1;31m
Start test 220?[0m
Hibernate: select user0_.id as id1_4_, user0_.active as active2_4_, user0_.email as email3_4_, user0_.password as password4_4_ from user user0_ where user0_.email=?
Hibernate: select question0_.id as id1_1_0_, question0_.text as text2_1_0_, question0_.title as title3_1_0_, question0_.user_id as user_id4_1_0_, user1_.id as id1_4_1_, user1_.active as active2_4_1_, user1_.email as email3_4_1_, user1_.password as password4_4_1_ from question question0_ left outer join user user1_ on question0_.user_id=user1_.id where question0_.id=?
?[1;31m
Start test 221?[0m
Hibernate: select user0_.id as id1_4_, user0_.active as active2_4_, user0_.email as email3_4_, user0_.password as password4_4_ from user user0_ where user0_.email=?
Hibernate: call next value for hibernate_sequence
Hibernate: insert into question (text, title, user_id, id) values (?, ?, ?, ?)
Hibernate: insert into question_answer (question_id, answer) values (?, ?)
Hibernate: insert into question_answer (question_id, answer) values (?, ?)
Hibernate: insert into question_answer (question_id, answer) values (?, ?)
Hibernate: insert into question_options (question_id, options) values (?, ?)
Hibernate: insert into question_options (question_id, options) values (?, ?)
Hibernate: insert into question_options (question_id, options) values (?, ?)
Hibernate: insert into question_options (question_id, options) values (?, ?)
?[1;31m
Start test 222?[0m
Hibernate: select user0_.id as id1_4_, user0_.active as active2_4_, user0_.email as email3_4_, user0_.password as password4_4_ from user user0_ where user0_.email=?
Hibernate: call next value for hibernate_sequence
Hibernate: insert into question (text, title, user_id, id) values (?, ?, ?, ?)
Hibernate: insert into question_answer (question_id, answer) values (?, ?)
Hibernate: insert into question_answer (question_id, answer) values (?, ?)
Hibernate: insert into question_answer (question_id, answer) values (?, ?)
Hibernate: insert into question_options (question_id, options) values (?, ?)
Hibernate: insert into question_options (question_id, options) values (?, ?)
Hibernate: insert into question_options (question_id, options) values (?, ?)
Hibernate: insert into question_options (question_id, options) values (?, ?)
?[1;31m
Start test 223?[0m
Hibernate: select user0_.id as id1_4_, user0_.active as active2_4_, user0_.email as email3_4_, user0_.password as password4_4_ from user user0_ where user0_.email=?
Hibernate: call next value for hibernate_sequence
Hibernate: insert into question (text, title, user_id, id) values (?, ?, ?, ?)
Hibernate: insert into question_answer (question_id, answer) values (?, ?)
Hibernate: insert into question_answer (question_id, answer) values (?, ?)
Hibernate: insert into question_answer (question_id, answer) values (?, ?)
Hibernate: insert into question_options (question_id, options) values (?, ?)
Hibernate: insert into question_options (question_id, options) values (?, ?)
Hibernate: insert into question_options (question_id, options) values (?, ?)
Hibernate: insert into question_options (question_id, options) values (?, ?)
?[1;31m
Start test 224?[0m
Hibernate: select user0_.id as id1_4_, user0_.active as active2_4_, user0_.email as email3_4_, user0_.password as password4_4_ from user user0_ where user0_.email=?
Hibernate: call next value for hibernate_sequence
Hibernate: insert into question (text, title, user_id, id) values (?, ?, ?, ?)
Hibernate: insert into question_answer (question_id, answer) values (?, ?)
Hibernate: insert into question_answer (question_id, answer) values (?, ?)
Hibernate: insert into question_answer (question_id, answer) values (?, ?)
Hibernate: insert into question_options (question_id, options) values (?, ?)
Hibernate: insert into question_options (question_id, options) values (?, ?)
Hibernate: insert into question_options (question_id, options) values (?, ?)
Hibernate: insert into question_options (question_id, options) values (?, ?)
?[1;31m
Start test 225?[0m
Hibernate: select user0_.id as id1_4_, user0_.active as active2_4_, user0_.email as email3_4_, user0_.password as password4_4_ from user user0_ where user0_.email=?
Hibernate: call next value for hibernate_sequence
Hibernate: insert into question (text, title, user_id, id) values (?, ?, ?, ?)
Hibernate: insert into question_answer (question_id, answer) values (?, ?)
Hibernate: insert into question_answer (question_id, answer) values (?, ?)
Hibernate: insert into question_answer (question_id, answer) values (?, ?)
Hibernate: insert into question_options (question_id, options) values (?, ?)
Hibernate: insert into question_options (question_id, options) values (?, ?)
Hibernate: insert into question_options (question_id, options) values (?, ?)
Hibernate: insert into question_options (question_id, options) values (?, ?)
?[1;31m
Start test 226?[0m
Hibernate: select user0_.id as id1_4_, user0_.active as active2_4_, user0_.email as email3_4_, user0_.password as password4_4_ from user user0_ where user0_.email=?
Hibernate: call next value for hibernate_sequence
Hibernate: insert into question (text, title, user_id, id) values (?, ?, ?, ?)
Hibernate: insert into question_answer (question_id, answer) values (?, ?)
Hibernate: insert into question_answer (question_id, answer) values (?, ?)
Hibernate: insert into question_answer (question_id, answer) values (?, ?)
Hibernate: insert into question_options (question_id, options) values (?, ?)
Hibernate: insert into question_options (question_id, options) values (?, ?)
Hibernate: insert into question_options (question_id, options) values (?, ?)
Hibernate: insert into question_options (question_id, options) values (?, ?)
?[1;31m
Start test 227?[0m
Hibernate: select user0_.id as id1_4_, user0_.active as active2_4_, user0_.email as email3_4_, user0_.password as password4_4_ from user user0_ where user0_.email=?
Hibernate: call next value for hibernate_sequence
Hibernate: insert into question (text, title, user_id, id) values (?, ?, ?, ?)
Hibernate: insert into question_answer (question_id, answer) values (?, ?)
Hibernate: insert into question_answer (question_id, answer) values (?, ?)
Hibernate: insert into question_answer (question_id, answer) values (?, ?)
Hibernate: insert into question_options (question_id, options) values (?, ?)
Hibernate: insert into question_options (question_id, options) values (?, ?)
Hibernate: insert into question_options (question_id, options) values (?, ?)
Hibernate: insert into question_options (question_id, options) values (?, ?)
?[1;31m
Start test 228?[0m
Hibernate: select user0_.id as id1_4_, user0_.active as active2_4_, user0_.email as email3_4_, user0_.password as password4_4_ from user user0_ where user0_.email=?
Hibernate: call next value for hibernate_sequence
Hibernate: insert into question (text, title, user_id, id) values (?, ?, ?, ?)
Hibernate: insert into question_answer (question_id, answer) values (?, ?)
Hibernate: insert into question_answer (question_id, answer) values (?, ?)
Hibernate: insert into question_answer (question_id, answer) values (?, ?)
Hibernate: insert into question_options (question_id, options) values (?, ?)
Hibernate: insert into question_options (question_id, options) values (?, ?)
Hibernate: insert into question_options (question_id, options) values (?, ?)
Hibernate: insert into question_options (question_id, options) values (?, ?)
?[1;31m
Start test 229?[0m
Hibernate: select user0_.id as id1_4_, user0_.active as active2_4_, user0_.email as email3_4_, user0_.password as password4_4_ from user user0_ where user0_.email=?
Hibernate: call next value for hibernate_sequence
Hibernate: insert into question (text, title, user_id, id) values (?, ?, ?, ?)
Hibernate: insert into question_answer (question_id, answer) values (?, ?)
Hibernate: insert into question_answer (question_id, answer) values (?, ?)
Hibernate: insert into question_answer (question_id, answer) values (?, ?)
Hibernate: insert into question_options (question_id, options) values (?, ?)
Hibernate: insert into question_options (question_id, options) values (?, ?)
Hibernate: insert into question_options (question_id, options) values (?, ?)
Hibernate: insert into question_options (question_id, options) values (?, ?)
?[1;31m
Start test 230?[0m
Hibernate: select user0_.id as id1_4_, user0_.active as active2_4_, user0_.email as email3_4_, user0_.password as password4_4_ from user user0_ where user0_.email=?
Hibernate: call next value for hibernate_sequence
Hibernate: insert into question (text, title, user_id, id) values (?, ?, ?, ?)
Hibernate: insert into question_answer (question_id, answer) values (?, ?)
Hibernate: insert into question_answer (question_id, answer) values (?, ?)
Hibernate: insert into question_answer (question_id, answer) values (?, ?)
Hibernate: insert into question_options (question_id, options) values (?, ?)
Hibernate: insert into question_options (question_id, options) values (?, ?)
Hibernate: insert into question_options (question_id, options) values (?, ?)
Hibernate: insert into question_options (question_id, options) values (?, ?)
?[1;31m
Start test 231?[0m
Hibernate: select user0_.id as id1_4_, user0_.active as active2_4_, user0_.email as email3_4_, user0_.password as password4_4_ from user user0_ where user0_.email=?
Hibernate: select question0_.id as id1_1_, question0_.text as text2_1_, question0_.title as title3_1_, question0_.user_id as user_id4_1_ from question question0_ order by question0_.id asc limit ?
Hibernate: select user0_.id as id1_4_0_, user0_.active as active2_4_0_, user0_.email as email3_4_0_, user0_.password as password4_4_0_ from user user0_ where user0_.id=?
Hibernate: select user0_.id as id1_4_0_, user0_.active as active2_4_0_, user0_.email as email3_4_0_, user0_.password as password4_4_0_ from user user0_ where user0_.id=?
Hibernate: select count(question0_.id) as col_0_0_ from question question0_
Hibernate: select options0_.question_id as question1_3_0_, options0_.options as options2_3_0_ from question_options options0_ where options0_.question_id=?
Hibernate: select options0_.question_id as question1_3_0_, options0_.options as options2_3_0_ from question_options options0_ where options0_.question_id=?
Hibernate: select options0_.question_id as question1_3_0_, options0_.options as options2_3_0_ from question_options options0_ where options0_.question_id=?
Hibernate: select options0_.question_id as question1_3_0_, options0_.options as options2_3_0_ from question_options options0_ where options0_.question_id=?
Hibernate: select options0_.question_id as question1_3_0_, options0_.options as options2_3_0_ from question_options options0_ where options0_.question_id=?
Hibernate: select options0_.question_id as question1_3_0_, options0_.options as options2_3_0_ from question_options options0_ where options0_.question_id=?
Hibernate: select options0_.question_id as question1_3_0_, options0_.options as options2_3_0_ from question_options options0_ where options0_.question_id=?
Hibernate: select options0_.question_id as question1_3_0_, options0_.options as options2_3_0_ from question_options options0_ where options0_.question_id=?
Hibernate: select options0_.question_id as question1_3_0_, options0_.options as options2_3_0_ from question_options options0_ where options0_.question_id=?
Hibernate: select options0_.question_id as question1_3_0_, options0_.options as options2_3_0_ from question_options options0_ where options0_.question_id=?
?[1;31m
Start test 232?[0m
Hibernate: select user0_.id as id1_4_, user0_.active as active2_4_, user0_.email as email3_4_, user0_.password as password4_4_ from user user0_ where user0_.email=?
Hibernate: select question0_.id as id1_1_, question0_.text as text2_1_, question0_.title as title3_1_, question0_.user_id as user_id4_1_ from question question0_ order by question0_.id asc limit ?
Hibernate: select user0_.id as id1_4_0_, user0_.active as active2_4_0_, user0_.email as email3_4_0_, user0_.password as password4_4_0_ from user user0_ where user0_.id=?
Hibernate: select user0_.id as id1_4_0_, user0_.active as active2_4_0_, user0_.email as email3_4_0_, user0_.password as password4_4_0_ from user user0_ where user0_.id=?
Hibernate: select count(question0_.id) as col_0_0_ from question question0_
Hibernate: select options0_.question_id as question1_3_0_, options0_.options as options2_3_0_ from question_options options0_ where options0_.question_id=?
Hibernate: select options0_.question_id as question1_3_0_, options0_.options as options2_3_0_ from question_options options0_ where options0_.question_id=?
Hibernate: select options0_.question_id as question1_3_0_, options0_.options as options2_3_0_ from question_options options0_ where options0_.question_id=?
Hibernate: select options0_.question_id as question1_3_0_, options0_.options as options2_3_0_ from question_options options0_ where options0_.question_id=?
Hibernate: select options0_.question_id as question1_3_0_, options0_.options as options2_3_0_ from question_options options0_ where options0_.question_id=?
Hibernate: select options0_.question_id as question1_3_0_, options0_.options as options2_3_0_ from question_options options0_ where options0_.question_id=?
Hibernate: select options0_.question_id as question1_3_0_, options0_.options as options2_3_0_ from question_options options0_ where options0_.question_id=?
Hibernate: select options0_.question_id as question1_3_0_, options0_.options as options2_3_0_ from question_options options0_ where options0_.question_id=?
Hibernate: select options0_.question_id as question1_3_0_, options0_.options as options2_3_0_ from question_options options0_ where options0_.question_id=?
Hibernate: select options0_.question_id as question1_3_0_, options0_.options as options2_3_0_ from question_options options0_ where options0_.question_id=?
?[1;31m
Start test 233?[0m
Hibernate: select user0_.id as id1_4_, user0_.active as active2_4_, user0_.email as email3_4_, user0_.password as password4_4_ from user user0_ where user0_.email=?
Hibernate: select question0_.id as id1_1_, question0_.text as text2_1_, question0_.title as title3_1_, question0_.user_id as user_id4_1_ from question question0_ order by question0_.id asc limit ? offset ?
Hibernate: select user0_.id as id1_4_0_, user0_.active as active2_4_0_, user0_.email as email3_4_0_, user0_.password as password4_4_0_ from user user0_ where user0_.id=?
Hibernate: select user0_.id as id1_4_0_, user0_.active as active2_4_0_, user0_.email as email3_4_0_, user0_.password as password4_4_0_ from user user0_ where user0_.id=?
Hibernate: select options0_.question_id as question1_3_0_, options0_.options as options2_3_0_ from question_options options0_ where options0_.question_id=?
Hibernate: select options0_.question_id as question1_3_0_, options0_.options as options2_3_0_ from question_options options0_ where options0_.question_id=?
Hibernate: select options0_.question_id as question1_3_0_, options0_.options as options2_3_0_ from question_options options0_ where options0_.question_id=?
Hibernate: select options0_.question_id as question1_3_0_, options0_.options as options2_3_0_ from question_options options0_ where options0_.question_id=?
Hibernate: select options0_.question_id as question1_3_0_, options0_.options as options2_3_0_ from question_options options0_ where options0_.question_id=?
?[1;31m
Start test 234?[0m
Hibernate: select user0_.id as id1_4_, user0_.active as active2_4_, user0_.email as email3_4_, user0_.password as password4_4_ from user user0_ where user0_.email=?
Hibernate: select question0_.id as id1_1_, question0_.text as text2_1_, question0_.title as title3_1_, question0_.user_id as user_id4_1_ from question question0_ order by question0_.id asc limit ? offset ?
Hibernate: select user0_.id as id1_4_0_, user0_.active as active2_4_0_, user0_.email as email3_4_0_, user0_.password as password4_4_0_ from user user0_ where user0_.id=?
Hibernate: select user0_.id as id1_4_0_, user0_.active as active2_4_0_, user0_.email as email3_4_0_, user0_.password as password4_4_0_ from user user0_ where user0_.id=?
Hibernate: select options0_.question_id as question1_3_0_, options0_.options as options2_3_0_ from question_options options0_ where options0_.question_id=?
Hibernate: select options0_.question_id as question1_3_0_, options0_.options as options2_3_0_ from question_options options0_ where options0_.question_id=?
Hibernate: select options0_.question_id as question1_3_0_, options0_.options as options2_3_0_ from question_options options0_ where options0_.question_id=?
Hibernate: select options0_.question_id as question1_3_0_, options0_.options as options2_3_0_ from question_options options0_ where options0_.question_id=?
Hibernate: select options0_.question_id as question1_3_0_, options0_.options as options2_3_0_ from question_options options0_ where options0_.question_id=?
]]></system-out>
  <system-err><![CDATA[]]></system-err>
</testsuite>
