<?xml version="1.0" encoding="UTF-8"?>
<testsuite name="tests.WebQuestionEngineTest" tests="1" skipped="1" failures="0" errors="0" timestamp="2020-05-14T07:55:33" hostname="STI_Vice" time="281.612">
  <properties/>
  <testcase name="start" classname="tests.WebQuestionEngineTest" time="281.612">
    <skipped/>
  </testcase>
  <system-out><![CDATA[?[1;31m
Start test 1?[0m

  .   ____          _            __ _ _
 /\\ / ___'_ __ _ _(_)_ __  __ _ \ \ \ \
( ( )\___ | '_ | '_| | '_ \/ _` | \ \ \ \
 \\/  ___)| |_)| | | | | || (_| |  ) ) ) )
  '  |____| .__|_| |_|_| |_\__, | / / / /
 =========|_|==============|___/=/_/_/_/
 :: Spring Boot ::        (v2.2.2.RELEASE)

2020-05-14 10:55:33.834  INFO 7868 --- [    Test worker] engine.WebQuizEngine                     : Starting WebQuizEngine on STI_Vice with PID 7868 (started by V_Iavorschi in D:\Projects\JAVA\Web Quiz Engine\Web Quiz Engine\task)
2020-05-14 10:55:33.839  INFO 7868 --- [    Test worker] engine.WebQuizEngine                     : No active profile set, falling back to default profiles: default
2020-05-14 10:55:34.953  INFO 7868 --- [    Test worker] .s.d.r.c.RepositoryConfigurationDelegate : Bootstrapping Spring Data JPA repositories in DEFAULT mode.
2020-05-14 10:55:35.039  INFO 7868 --- [    Test worker] .s.d.r.c.RepositoryConfigurationDelegate : Finished Spring Data repository scanning in 75ms. Found 2 JPA repository interfaces.
2020-05-14 10:55:35.533  INFO 7868 --- [    Test worker] trationDelegate$BeanPostProcessorChecker : Bean 'org.springframework.transaction.annotation.ProxyTransactionManagementConfiguration' of type [org.springframework.transaction.annotation.ProxyTransactionManagementConfiguration] is not eligible for getting processed by all BeanPostProcessors (for example: not eligible for auto-proxying)
2020-05-14 10:55:35.856  INFO 7868 --- [    Test worker] o.s.b.w.embedded.tomcat.TomcatWebServer  : Tomcat initialized with port(s): 8889 (http)
2020-05-14 10:55:35.868  INFO 7868 --- [    Test worker] o.apache.catalina.core.StandardService   : Starting service [Tomcat]
2020-05-14 10:55:35.868  INFO 7868 --- [    Test worker] org.apache.catalina.core.StandardEngine  : Starting Servlet engine: [Apache Tomcat/9.0.29]
2020-05-14 10:55:36.055  INFO 7868 --- [    Test worker] o.a.c.c.C.[Tomcat].[localhost].[/]       : Initializing Spring embedded WebApplicationContext
2020-05-14 10:55:36.056  INFO 7868 --- [    Test worker] o.s.web.context.ContextLoader            : Root WebApplicationContext: initialization completed in 2161 ms
2020-05-14 10:55:36.543  INFO 7868 --- [    Test worker] o.hibernate.jpa.internal.util.LogHelper  : HHH000204: Processing PersistenceUnitInfo [name: default]
2020-05-14 10:55:36.624  INFO 7868 --- [    Test worker] org.hibernate.Version                    : HHH000412: Hibernate Core {5.4.9.Final}
2020-05-14 10:55:36.786  INFO 7868 --- [    Test worker] o.hibernate.annotations.common.Version   : HCANN000001: Hibernate Commons Annotations {5.1.0.Final}
2020-05-14 10:55:36.922  INFO 7868 --- [    Test worker] com.zaxxer.hikari.HikariDataSource       : HikariPool-1 - Starting...
2020-05-14 10:55:37.127  INFO 7868 --- [    Test worker] com.zaxxer.hikari.HikariDataSource       : HikariPool-1 - Start completed.
2020-05-14 10:55:37.152  INFO 7868 --- [    Test worker] org.hibernate.dialect.Dialect            : HHH000400: Using dialect: org.hibernate.dialect.H2Dialect
2020-05-14 10:55:38.150  INFO 7868 --- [    Test worker] o.h.e.t.j.p.i.JtaPlatformInitiator       : HHH000490: Using JtaPlatform implementation: [org.hibernate.engine.transaction.jta.platform.internal.NoJtaPlatform]
2020-05-14 10:55:38.162  INFO 7868 --- [    Test worker] j.LocalContainerEntityManagerFactoryBean : Initialized JPA EntityManagerFactory for persistence unit 'default'
2020-05-14 10:55:38.235  WARN 7868 --- [    Test worker] JpaBaseConfiguration$JpaWebConfiguration : spring.jpa.open-in-view is enabled by default. Therefore, database queries may be performed during view rendering. Explicitly configure spring.jpa.open-in-view to disable this warning
2020-05-14 10:55:38.970  INFO 7868 --- [    Test worker] o.s.s.web.DefaultSecurityFilterChain     : Creating filter chain: any request, [org.springframework.security.web.context.request.async.WebAsyncManagerIntegrationFilter@6e8149e0, org.springframework.security.web.context.SecurityContextPersistenceFilter@790d9d87, org.springframework.security.web.header.HeaderWriterFilter@2f55e724, org.springframework.security.web.authentication.logout.LogoutFilter@765b150e, org.springframework.security.web.authentication.UsernamePasswordAuthenticationFilter@70abfd17, org.springframework.security.web.authentication.ui.DefaultLoginPageGeneratingFilter@52000615, org.springframework.security.web.authentication.ui.DefaultLogoutPageGeneratingFilter@1eb4bcfb, org.springframework.security.web.authentication.www.BasicAuthenticationFilter@353a9d12, org.springframework.security.web.savedrequest.RequestCacheAwareFilter@1edefac0, org.springframework.security.web.servletapi.SecurityContextHolderAwareRequestFilter@12136287, org.springframework.security.web.authentication.AnonymousAuthenticationFilter@62ae7640, org.springframework.security.web.session.SessionManagementFilter@55736a72, org.springframework.security.web.access.ExceptionTranslationFilter@20291800, org.springframework.security.web.access.intercept.FilterSecurityInterceptor@1fe56065]
2020-05-14 10:55:39.109  INFO 7868 --- [    Test worker] o.s.s.concurrent.ThreadPoolTaskExecutor  : Initializing ExecutorService 'applicationTaskExecutor'
2020-05-14 10:55:39.441  INFO 7868 --- [    Test worker] o.s.b.a.e.web.EndpointLinksResolver      : Exposing 14 endpoint(s) beneath base path '/actuator'
2020-05-14 10:55:39.523  INFO 7868 --- [    Test worker] o.s.b.w.embedded.tomcat.TomcatWebServer  : Tomcat started on port(s): 8889 (http) with context path ''
2020-05-14 10:55:39.527  INFO 7868 --- [    Test worker] engine.WebQuizEngine                     : Started WebQuizEngine in 6.129 seconds (JVM running for 7.111)
2020-05-14 10:58:02.776  WARN 7868 --- [l-1 housekeeper] com.zaxxer.hikari.pool.HikariPool        : HikariPool-1 - Thread starvation or clock leap detected (housekeeper delta=2m19s99ms870µs700ns).
2020-05-14 10:58:04.049  INFO 7868 --- [nio-8889-exec-1] o.a.c.c.C.[Tomcat].[localhost].[/]       : Initializing Spring DispatcherServlet 'dispatcherServlet'
2020-05-14 10:58:04.050  INFO 7868 --- [nio-8889-exec-1] o.s.web.servlet.DispatcherServlet        : Initializing Servlet 'dispatcherServlet'
2020-05-14 10:58:04.059  INFO 7868 --- [nio-8889-exec-1] o.s.web.servlet.DispatcherServlet        : Completed initialization in 9 ms
]]></system-out>
  <system-err><![CDATA[]]></system-err>
</testsuite>
